#
# There is insufficient memory for the Java Runtime Environment to continue.
# Native memory allocation (malloc) failed to allocate 1045696 bytes for Chunk::new
# Possible reasons:
#   The system is out of physical RAM or swap space
#   In 32 bit mode, the process size limit was hit
# Possible solutions:
#   Reduce memory load on the system
#   Increase physical memory or swap space
#   Check if swap backing store is full
#   Use 64 bit Java on a 64 bit OS
#   Decrease Java heap size (-Xmx/-Xms)
#   Decrease number of Java threads
#   Decrease Java thread stack sizes (-Xss)
#   Set larger code cache with -XX:ReservedCodeCacheSize=
# This output file may be truncated or incomplete.
#
#  Out of Memory Error (allocation.cpp:390), pid=14784, tid=0x0000000000006ddc
#
# JRE version: Java(TM) SE Runtime Environment (8.0_151-b12) (build 1.8.0_151-b12)
# Java VM: Java HotSpot(TM) 64-Bit Server VM (25.151-b12 mixed mode windows-amd64 compressed oops)
# Failed to write core dump. Minidumps are not enabled by default on client versions of Windows
#

---------------  T H R E A D  ---------------

Current thread (0x000000001763b000):  JavaThread "C2 CompilerThread0" daemon [_thread_in_native, id=28124, stack(0x0000000018c90000,0x0000000018d90000)]

Stack: [0x0000000018c90000,0x0000000018d90000]
[error occurred during error reporting (printing stack bounds), id 0xc0000005]

Native frames: (J=compiled Java code, j=interpreted, Vv=VM code, C=native code)


Current CompileTask:
C2:  15555 3845       4       java.net.URLClassLoader$1::run (5 bytes)


---------------  P R O C E S S  ---------------

Java Threads: ( => current thread )
  0x000000001da1b000 JavaThread "HikariPool-1 connection adder" daemon [_thread_blocked, id=11276, stack(0x0000000021770000,0x0000000021870000)]
  0x000000001da19800 JavaThread "HikariPool-1 housekeeper" daemon [_thread_blocked, id=2916, stack(0x0000000021670000,0x0000000021770000)]
  0x00000000196b0000 JavaThread "mysql-cj-abandoned-connection-cleanup" daemon [_thread_blocked, id=10616, stack(0x0000000020d90000,0x0000000020e90000)]
  0x00000000192f9000 JavaThread "container-0" [_thread_blocked, id=26396, stack(0x000000001fab0000,0x000000001fbb0000)]
  0x000000001ee2d000 JavaThread "Catalina-utility-2" [_thread_blocked, id=29120, stack(0x000000001f9b0000,0x000000001fab0000)]
  0x000000001e4f7800 JavaThread "Catalina-utility-1" [_thread_blocked, id=11304, stack(0x000000001d0b0000,0x000000001d1b0000)]
  0x0000000019a46800 JavaThread "restartedMain" [_thread_in_vm, id=1576, stack(0x000000001afa0000,0x000000001b0a0000)]
  0x0000000019a45800 JavaThread "Thread-0" [_thread_blocked, id=11048, stack(0x000000001aea0000,0x000000001afa0000)]
  0x000000001768e000 JavaThread "Service Thread" daemon [_thread_blocked, id=12440, stack(0x0000000019390000,0x0000000019490000)]
  0x0000000017659800 JavaThread "C1 CompilerThread2" daemon [_thread_blocked, id=14932, stack(0x0000000018e90000,0x0000000018f90000)]
  0x000000001763d800 JavaThread "C2 CompilerThread1" daemon [_thread_in_vm, id=14764, stack(0x0000000018d90000,0x0000000018e90000)]
=>0x000000001763b000 JavaThread "C2 CompilerThread0" daemon [_thread_in_native, id=28124, stack(0x0000000018c90000,0x0000000018d90000)]
  0x0000000017635000 JavaThread "Attach Listener" daemon [_thread_blocked, id=2216, stack(0x0000000018b90000,0x0000000018c90000)]
  0x0000000017634000 JavaThread "Signal Dispatcher" daemon [_thread_blocked, id=18064, stack(0x0000000018a90000,0x0000000018b90000)]
  0x0000000017620000 JavaThread "Finalizer" daemon [_thread_blocked, id=22260, stack(0x0000000018890000,0x0000000018990000)]
  0x0000000002b76000 JavaThread "Reference Handler" daemon [_thread_blocked, id=22000, stack(0x0000000018790000,0x0000000018890000)]
  0x0000000002a87000 JavaThread "main" [_thread_blocked, id=12944, stack(0x0000000002980000,0x0000000002a80000)]

Other Threads:
  0x00000000175f8000 VMThread [stack: 0x0000000018690000,0x0000000018790000] [id=28328]
  0x000000001903d800 WatcherThread [stack: 0x0000000019490000,0x0000000019590000] [id=23232]

VM state:not at safepoint (normal execution)

VM Mutex/Monitor currently owned by a thread: None

Heap:
 PSYoungGen      total 139776K, used 113312K [0x00000000d6200000, 0x00000000df400000, 0x0000000100000000)
  eden space 131072K, 86% used [0x00000000d6200000,0x00000000dd0a8218,0x00000000de200000)
  from space 8704K, 0% used [0x00000000deb80000,0x00000000deb80000,0x00000000df400000)
  to   space 9216K, 0% used [0x00000000de200000,0x00000000de200000,0x00000000deb00000)
 ParOldGen       total 79872K, used 15755K [0x0000000082600000, 0x0000000087400000, 0x00000000d6200000)
  object space 79872K, 19% used [0x0000000082600000,0x0000000083562f78,0x0000000087400000)
 Metaspace       used 46652K, capacity 49028K, committed 49368K, reserved 1091584K
  class space    used 6361K, capacity 6834K, committed 6872K, reserved 1048576K

Card table byte_map: [0x0000000011f40000,0x0000000012330000] byte_map_base: 0x0000000011b2d000

Marking Bits: (ParMarkBitMap*) 0x000000005eabd850
 Begin Bits: [0x00000000129d0000, 0x0000000014938000)
 End Bits:   [0x0000000014938000, 0x00000000168a0000)

Polling page: 0x0000000000ea0000

CodeCache: size=245760Kb used=12820Kb max_used=12941Kb free=232939Kb
 bounds [0x0000000002b80000, 0x0000000003840000, 0x0000000011b80000]
 total_blobs=3948 nmethods=3453 adapters=407
 compilation: enabled

Compilation events (10 events):
Event: 15.511 Thread 0x0000000017659800 nmethod 3884 0x0000000003466a10 code [0x0000000003466b80, 0x0000000003466e90]
Event: 15.511 Thread 0x0000000017659800 3879       1       net.bytebuddy.implementation.bytecode.member.FieldAccess$AccessDispatcher::access$000 (5 bytes)
Event: 15.511 Thread 0x0000000017659800 nmethod 3879 0x0000000002d37a10 code [0x0000000002d37b60, 0x0000000002d37c50]
Event: 15.515 Thread 0x0000000017659800 3885       3       net.bytebuddy.jar.asm.SymbolTable::hash (10 bytes)
Event: 15.515 Thread 0x0000000017659800 nmethod 3885 0x00000000034665d0 code [0x0000000003466740, 0x0000000003466948]
Event: 15.515 Thread 0x0000000017659800 3886       3       net.bytebuddy.jar.asm.ByteVector::putShort (52 bytes)
Event: 15.515 Thread 0x0000000017659800 nmethod 3886 0x0000000003466090 code [0x0000000003466200, 0x0000000003466448]
Event: 15.532 Thread 0x000000001763d800 3887   !   4       java.net.URLClassLoader$1::run (63 bytes)
Event: 15.550 Thread 0x0000000017659800 3888       3       java.lang.Integer::toString (48 bytes)
Event: 15.550 Thread 0x0000000017659800 nmethod 3888 0x00000000034654d0 code [0x00000000034656a0, 0x0000000003465ce8]

GC Heap History (10 events):
Event: 5.931 GC heap before
{Heap before GC invocations=6 (full 0):
 PSYoungGen      total 70656K, used 10542K [0x00000000d6200000, 0x00000000df500000, 0x0000000100000000)
  eden space 65536K, 8% used [0x00000000d6200000,0x00000000d6751a50,0x00000000da200000)
  from space 5120K, 99% used [0x00000000da200000,0x00000000da6fa0c0,0x00000000da700000)
  to   space 9728K, 0% used [0x00000000deb80000,0x00000000deb80000,0x00000000df500000)
 ParOldGen       total 86016K, used 6010K [0x0000000082600000, 0x0000000087a00000, 0x00000000d6200000)
  object space 86016K, 6% used [0x0000000082600000,0x0000000082bdea70,0x0000000087a00000)
 Metaspace       used 20203K, capacity 21142K, committed 21248K, reserved 1067008K
  class space    used 2519K, capacity 2752K, committed 2816K, reserved 1048576K
Event: 5.949 GC heap after
Heap after GC invocations=6 (full 0):
 PSYoungGen      total 139776K, used 5899K [0x00000000d6200000, 0x00000000df400000, 0x0000000100000000)
  eden space 131072K, 0% used [0x00000000d6200000,0x00000000d6200000,0x00000000de200000)
  from space 8704K, 67% used [0x00000000deb80000,0x00000000df142dd0,0x00000000df400000)
  to   space 9216K, 0% used [0x00000000de200000,0x00000000de200000,0x00000000deb00000)
 ParOldGen       total 86016K, used 6018K [0x0000000082600000, 0x0000000087a00000, 0x00000000d6200000)
  object space 86016K, 6% used [0x0000000082600000,0x0000000082be0a70,0x0000000087a00000)
 Metaspace       used 20203K, capacity 21142K, committed 21248K, reserved 1067008K
  class space    used 2519K, capacity 2752K, committed 2816K, reserved 1048576K
}
Event: 5.949 GC heap before
{Heap before GC invocations=7 (full 1):
 PSYoungGen      total 139776K, used 5899K [0x00000000d6200000, 0x00000000df400000, 0x0000000100000000)
  eden space 131072K, 0% used [0x00000000d6200000,0x00000000d6200000,0x00000000de200000)
  from space 8704K, 67% used [0x00000000deb80000,0x00000000df142dd0,0x00000000df400000)
  to   space 9216K, 0% used [0x00000000de200000,0x00000000de200000,0x00000000deb00000)
 ParOldGen       total 86016K, used 6018K [0x0000000082600000, 0x0000000087a00000, 0x00000000d6200000)
  object space 86016K, 6% used [0x0000000082600000,0x0000000082be0a70,0x0000000087a00000)
 Metaspace       used 20203K, capacity 21142K, committed 21248K, reserved 1067008K
  class space    used 2519K, capacity 2752K, committed 2816K, reserved 1048576K
Event: 6.042 GC heap after
Heap after GC invocations=7 (full 1):
 PSYoungGen      total 139776K, used 0K [0x00000000d6200000, 0x00000000df400000, 0x0000000100000000)
  eden space 131072K, 0% used [0x00000000d6200000,0x00000000d6200000,0x00000000de200000)
  from space 8704K, 0% used [0x00000000deb80000,0x00000000deb80000,0x00000000df400000)
  to   space 9216K, 0% used [0x00000000de200000,0x00000000de200000,0x00000000deb00000)
 ParOldGen       total 52224K, used 5978K [0x0000000082600000, 0x0000000085900000, 0x00000000d6200000)
  object space 52224K, 11% used [0x0000000082600000,0x0000000082bd6ab0,0x0000000085900000)
 Metaspace       used 20203K, capacity 21142K, committed 21248K, reserved 1067008K
  class space    used 2519K, capacity 2752K, committed 2816K, reserved 1048576K
}
Event: 11.192 GC heap before
{Heap before GC invocations=8 (full 1):
 PSYoungGen      total 139776K, used 131072K [0x00000000d6200000, 0x00000000df400000, 0x0000000100000000)
  eden space 131072K, 100% used [0x00000000d6200000,0x00000000de200000,0x00000000de200000)
  from space 8704K, 0% used [0x00000000deb80000,0x00000000deb80000,0x00000000df400000)
  to   space 9216K, 0% used [0x00000000de200000,0x00000000de200000,0x00000000deb00000)
 ParOldGen       total 52224K, used 5978K [0x0000000082600000, 0x0000000085900000, 0x00000000d6200000)
  object space 52224K, 11% used [0x0000000082600000,0x0000000082bd6ab0,0x0000000085900000)
 Metaspace       used 29136K, capacity 31162K, committed 31360K, reserved 1077248K
  class space    used 3753K, capacity 4131K, committed 4224K, reserved 1048576K
Event: 11.235 GC heap after
Heap after GC invocations=8 (full 1):
 PSYoungGen      total 140288K, used 9201K [0x00000000d6200000, 0x00000000df400000, 0x0000000100000000)
  eden space 131072K, 0% used [0x00000000d6200000,0x00000000d6200000,0x00000000de200000)
  from space 9216K, 99% used [0x00000000de200000,0x00000000deafc760,0x00000000deb00000)
  to   space 8704K, 0% used [0x00000000deb80000,0x00000000deb80000,0x00000000df400000)
 ParOldGen       total 52224K, used 10751K [0x0000000082600000, 0x0000000085900000, 0x00000000d6200000)
  object space 52224K, 20% used [0x0000000082600000,0x000000008307ff78,0x0000000085900000)
 Metaspace       used 29136K, capacity 31162K, committed 31360K, reserved 1077248K
  class space    used 3753K, capacity 4131K, committed 4224K, reserved 1048576K
}
Event: 12.727 GC heap before
{Heap before GC invocations=9 (full 1):
 PSYoungGen      total 140288K, used 135648K [0x00000000d6200000, 0x00000000df400000, 0x0000000100000000)
  eden space 131072K, 96% used [0x00000000d6200000,0x00000000ddd7bc30,0x00000000de200000)
  from space 9216K, 99% used [0x00000000de200000,0x00000000deafc760,0x00000000deb00000)
  to   space 8704K, 0% used [0x00000000deb80000,0x00000000deb80000,0x00000000df400000)
 ParOldGen       total 52224K, used 10751K [0x0000000082600000, 0x0000000085900000, 0x00000000d6200000)
  object space 52224K, 20% used [0x0000000082600000,0x000000008307ff78,0x0000000085900000)
 Metaspace       used 33211K, capacity 35374K, committed 35416K, reserved 1079296K
  class space    used 4242K, capacity 4663K, committed 4696K, reserved 1048576K
Event: 12.752 GC heap after
Heap after GC invocations=9 (full 1):
 PSYoungGen      total 139776K, used 8675K [0x00000000d6200000, 0x00000000df400000, 0x0000000100000000)
  eden space 131072K, 0% used [0x00000000d6200000,0x00000000d6200000,0x00000000de200000)
  from space 8704K, 99% used [0x00000000deb80000,0x00000000df3f8de0,0x00000000df400000)
  to   space 9216K, 0% used [0x00000000de200000,0x00000000de200000,0x00000000deb00000)
 ParOldGen       total 52224K, used 13016K [0x0000000082600000, 0x0000000085900000, 0x00000000d6200000)
  object space 52224K, 24% used [0x0000000082600000,0x00000000832b60f0,0x0000000085900000)
 Metaspace       used 33211K, capacity 35374K, committed 35416K, reserved 1079296K
  class space    used 4242K, capacity 4663K, committed 4696K, reserved 1048576K
}
Event: 12.752 GC heap before
{Heap before GC invocations=10 (full 2):
 PSYoungGen      total 139776K, used 8675K [0x00000000d6200000, 0x00000000df400000, 0x0000000100000000)
  eden space 131072K, 0% used [0x00000000d6200000,0x00000000d6200000,0x00000000de200000)
  from space 8704K, 99% used [0x00000000deb80000,0x00000000df3f8de0,0x00000000df400000)
  to   space 9216K, 0% used [0x00000000de200000,0x00000000de200000,0x00000000deb00000)
 ParOldGen       total 52224K, used 13016K [0x0000000082600000, 0x0000000085900000, 0x00000000d6200000)
  object space 52224K, 24% used [0x0000000082600000,0x00000000832b60f0,0x0000000085900000)
 Metaspace       used 33211K, capacity 35374K, committed 35416K, reserved 1079296K
  class space    used 4242K, capacity 4663K, committed 4696K, reserved 1048576K
Event: 12.880 GC heap after
Heap after GC invocations=10 (full 2):
 PSYoungGen      total 139776K, used 0K [0x00000000d6200000, 0x00000000df400000, 0x0000000100000000)
  eden space 131072K, 0% used [0x00000000d6200000,0x00000000d6200000,0x00000000de200000)
  from space 8704K, 0% used [0x00000000deb80000,0x00000000deb80000,0x00000000df400000)
  to   space 9216K, 0% used [0x00000000de200000,0x00000000de200000,0x00000000deb00000)
 ParOldGen       total 79872K, used 15755K [0x0000000082600000, 0x0000000087400000, 0x00000000d6200000)
  object space 79872K, 19% used [0x0000000082600000,0x0000000083562f78,0x0000000087400000)
 Metaspace       used 33211K, capacity 35374K, committed 35416K, reserved 1079296K
  class space    used 4242K, capacity 4663K, committed 4696K, reserved 1048576K
}

Deoptimization events (10 events):
Event: 13.169 Thread 0x0000000019a46800 Uncommon trap: reason=unstable_if action=reinterpret pc=0x00000000031964ec method=java.security.CodeSource.getCertificates()[Ljava/security/cert/Certificate; @ 22
Event: 13.205 Thread 0x0000000019a46800 Uncommon trap: reason=unstable_if action=reinterpret pc=0x00000000033fcd54 method=sun.misc.ASCIICaseInsensitiveComparator.compare(Ljava/lang/String;Ljava/lang/String;)I @ 83
Event: 13.280 Thread 0x0000000019a46800 Uncommon trap: reason=unstable_if action=reinterpret pc=0x0000000002e35188 method=sun.nio.cs.UTF_8$Decoder.decode([BII[C)I @ 30
Event: 14.170 Thread 0x0000000019a46800 Uncommon trap: reason=bimorphic action=maybe_recompile pc=0x000000000328461c method=java.lang.ClassLoader.loadClass(Ljava/lang/String;Z)Ljava/lang/Class; @ 70
Event: 14.173 Thread 0x0000000019a46800 Uncommon trap: reason=bimorphic action=maybe_recompile pc=0x000000000328461c method=java.lang.ClassLoader.loadClass(Ljava/lang/String;Z)Ljava/lang/Class; @ 70
Event: 14.411 Thread 0x0000000019a46800 Uncommon trap: reason=bimorphic action=maybe_recompile pc=0x000000000328461c method=java.lang.ClassLoader.loadClass(Ljava/lang/String;Z)Ljava/lang/Class; @ 70
Event: 14.694 Thread 0x0000000019a46800 Uncommon trap: reason=bimorphic action=maybe_recompile pc=0x000000000328461c method=java.lang.ClassLoader.loadClass(Ljava/lang/String;Z)Ljava/lang/Class; @ 70
Event: 15.059 Thread 0x0000000019a46800 Uncommon trap: reason=unstable_if action=reinterpret pc=0x00000000036b3b34 method=java.lang.Class$MethodArray.addIfNotPresent(Ljava/lang/reflect/Method;)V @ 19
Event: 15.424 Thread 0x0000000019a46800 Uncommon trap: reason=unstable_if action=reinterpret pc=0x00000000036865ac method=java.util.HashMap$HashIterator.<init>(Ljava/util/HashMap;)V @ 45
Event: 15.469 Thread 0x0000000019a46800 Uncommon trap: reason=unstable_if action=reinterpret pc=0x0000000003411bcc method=java.util.HashMap$HashIterator.<init>(Ljava/util/HashMap;)V @ 45

Internal exceptions (10 events):
Event: 13.410 Thread 0x0000000019a46800 Exception <a 'java/lang/ClassNotFoundException': org/springframework/beans/factory/BeanClassLoaderAwareCustomizer> (0x00000000d70cf380) thrown at [C:\re\workspace\8-2-build-windows-amd64-cygwin\jdk8u151\9699\hotspot\src\share\vm\classfile\systemDictionary
Event: 13.411 Thread 0x0000000019a46800 Exception <a 'java/lang/ClassNotFoundException': org/springframework/beans/factory/AwareCustomizer> (0x00000000d70e6408) thrown at [C:\re\workspace\8-2-build-windows-amd64-cygwin\jdk8u151\9699\hotspot\src\share\vm\classfile\systemDictionary.cpp, line 210]
Event: 13.412 Thread 0x0000000019a46800 Exception <a 'java/lang/ClassNotFoundException': org/springframework/beans/factory/BeanFactoryAwareCustomizer> (0x00000000d70ff518) thrown at [C:\re\workspace\8-2-build-windows-amd64-cygwin\jdk8u151\9699\hotspot\src\share\vm\classfile\systemDictionary.cpp
Event: 13.413 Thread 0x0000000019a46800 Exception <a 'java/lang/ClassNotFoundException': org/springframework/beans/factory/AwareCustomizer> (0x00000000d7116b00) thrown at [C:\re\workspace\8-2-build-windows-amd64-cygwin\jdk8u151\9699\hotspot\src\share\vm\classfile\systemDictionary.cpp, line 210]
Event: 13.414 Thread 0x0000000019a46800 Exception <a 'java/lang/ClassNotFoundException': org/springframework/beans/factory/BeanNameAwareCustomizer> (0x00000000d712ec00) thrown at [C:\re\workspace\8-2-build-windows-amd64-cygwin\jdk8u151\9699\hotspot\src\share\vm\classfile\systemDictionary.cpp, l
Event: 13.414 Thread 0x0000000019a46800 Exception <a 'java/lang/ClassNotFoundException': org/springframework/beans/factory/AwareCustomizer> (0x00000000d7145ba8) thrown at [C:\re\workspace\8-2-build-windows-amd64-cygwin\jdk8u151\9699\hotspot\src\share\vm\classfile\systemDictionary.cpp, line 210]
Event: 13.415 Thread 0x0000000019a46800 Exception <a 'java/lang/ClassNotFoundException': org/springframework/beans/factory/InitializingBeanCustomizer> (0x00000000d715ecb8) thrown at [C:\re\workspace\8-2-build-windows-amd64-cygwin\jdk8u151\9699\hotspot\src\share\vm\classfile\systemDictionary.cpp
Event: 13.417 Thread 0x0000000019a46800 Exception <a 'java/lang/ClassNotFoundException': org/springframework/beans/factory/DisposableBeanCustomizer> (0x00000000d7177768) thrown at [C:\re\workspace\8-2-build-windows-amd64-cygwin\jdk8u151\9699\hotspot\src\share\vm\classfile\systemDictionary.cpp, 
Event: 13.417 Thread 0x0000000019a46800 Exception <a 'java/lang/ClassNotFoundException': org/springframework/orm/jpa/EntityManagerFactoryInfoCustomizer> (0x00000000d7191bb8) thrown at [C:\re\workspace\8-2-build-windows-amd64-cygwin\jdk8u151\9699\hotspot\src\share\vm\classfile\systemDictionary.c
Event: 13.419 Thread 0x0000000019a46800 Exception <a 'java/lang/ClassNotFoundException': org/springframework/dao/support/PersistenceExceptionTranslatorCustomizer> (0x00000000d71bc3d0) thrown at [C:\re\workspace\8-2-build-windows-amd64-cygwin\jdk8u151\9699\hotspot\src\share\vm\classfile\systemDi

Events (10 events):
Event: 15.545 loading class org/hibernate/persister/entity/AbstractPropertyMapping
Event: 15.545 loading class org/hibernate/persister/entity/AbstractPropertyMapping done
Event: 15.548 loading class org/hibernate/internal/CoreMessageLogger_$logger_ru_RU
Event: 15.548 loading class org/hibernate/internal/CoreMessageLogger_$logger_ru_RU done
Event: 15.548 loading class org/hibernate/internal/CoreMessageLogger_$logger_ru
Event: 15.548 loading class org/hibernate/internal/CoreMessageLogger_$logger_ru done
Event: 15.549 loading class org/hibernate/loader/internal/AliasConstantsHelper
Event: 15.549 loading class org/hibernate/loader/internal/AliasConstantsHelper done
Event: 15.550 loading class org/hibernate/internal/FilterHelper
Event: 15.550 loading class org/hibernate/internal/FilterHelper done


Dynamic libraries:
0x00007ff70c570000 - 0x00007ff70c5a7000 	C:\Program Files\Java\jdk1.8.0_151\bin\java.exe
0x00007ffccf420000 - 0x00007ffccf601000 	C:\WINDOWS\SYSTEM32\ntdll.dll
0x00007ffccc890000 - 0x00007ffccc941000 	C:\WINDOWS\System32\KERNEL32.DLL
0x00007ffccc570000 - 0x00007ffccc7e3000 	C:\WINDOWS\System32\KERNELBASE.dll
0x00007ffcc9390000 - 0x00007ffcc941b000 	C:\WINDOWS\SYSTEM32\apphelp.dll
0x000000005fd70000 - 0x000000005fe1e000 	C:\WINDOWS\System32\SYSFER.DLL
0x00007ffccf1f0000 - 0x00007ffccf291000 	C:\WINDOWS\System32\ADVAPI32.dll
0x00007ffccf000000 - 0x00007ffccf09e000 	C:\WINDOWS\System32\msvcrt.dll
0x00007ffcce2d0000 - 0x00007ffcce32b000 	C:\WINDOWS\System32\sechost.dll
0x00007ffccedc0000 - 0x00007ffcceee4000 	C:\WINDOWS\System32\RPCRT4.dll
0x00007ffcce130000 - 0x00007ffcce2c1000 	C:\WINDOWS\System32\USER32.dll
0x00007ffccc170000 - 0x00007ffccc190000 	C:\WINDOWS\System32\win32u.dll
0x00007ffcce4c0000 - 0x00007ffcce4e8000 	C:\WINDOWS\System32\GDI32.dll
0x00007ffccc3d0000 - 0x00007ffccc563000 	C:\WINDOWS\System32\gdi32full.dll
0x00007ffccc7f0000 - 0x00007ffccc88f000 	C:\WINDOWS\System32\msvcp_win.dll
0x00007ffccc070000 - 0x00007ffccc168000 	C:\WINDOWS\System32\ucrtbase.dll
0x00007ffcaf210000 - 0x00007ffcaf479000 	C:\WINDOWS\WinSxS\amd64_microsoft.windows.common-controls_6595b64144ccf1df_6.0.17134.1902_none_d3fc12d37c93a894\COMCTL32.dll
0x00007ffccc950000 - 0x00007ffcccc71000 	C:\WINDOWS\System32\combase.dll
0x00007ffccb7c0000 - 0x00007ffccb839000 	C:\WINDOWS\System32\bcryptPrimitives.dll
0x00007ffccf0a0000 - 0x00007ffccf0cd000 	C:\WINDOWS\System32\IMM32.DLL
0x000000005eb40000 - 0x000000005ec12000 	C:\Program Files\Java\jdk1.8.0_151\jre\bin\msvcr100.dll
0x000000005e2a0000 - 0x000000005eb3d000 	C:\Program Files\Java\jdk1.8.0_151\jre\bin\server\jvm.dll
0x00007ffccf1c0000 - 0x00007ffccf1c8000 	C:\WINDOWS\System32\PSAPI.DLL
0x00007ffcb3250000 - 0x00007ffcb3259000 	C:\WINDOWS\SYSTEM32\WSOCK32.dll
0x00007ffcce330000 - 0x00007ffcce39c000 	C:\WINDOWS\System32\WS2_32.dll
0x00007ffcc9470000 - 0x00007ffcc9493000 	C:\WINDOWS\SYSTEM32\WINMM.dll
0x00007ffcbb3e0000 - 0x00007ffcbb3ea000 	C:\WINDOWS\SYSTEM32\VERSION.dll
0x00007ffcc9440000 - 0x00007ffcc946a000 	C:\WINDOWS\SYSTEM32\WINMMBASE.dll
0x00007ffccc190000 - 0x00007ffccc1d9000 	C:\WINDOWS\System32\cfgmgr32.dll
0x000000005e290000 - 0x000000005e29f000 	C:\Program Files\Java\jdk1.8.0_151\jre\bin\verify.dll
0x000000005e260000 - 0x000000005e289000 	C:\Program Files\Java\jdk1.8.0_151\jre\bin\java.dll
0x000000005e240000 - 0x000000005e256000 	C:\Program Files\Java\jdk1.8.0_151\jre\bin\zip.dll
0x00007ffcccce0000 - 0x00007ffcce125000 	C:\WINDOWS\System32\SHELL32.dll
0x00007ffcce3a0000 - 0x00007ffcce449000 	C:\WINDOWS\System32\shcore.dll
0x00007ffccb950000 - 0x00007ffccc065000 	C:\WINDOWS\System32\windows.storage.dll
0x00007ffcccc80000 - 0x00007ffccccd1000 	C:\WINDOWS\System32\shlwapi.dll
0x00007ffccb780000 - 0x00007ffccb791000 	C:\WINDOWS\System32\kernel.appcore.dll
0x00007ffccb750000 - 0x00007ffccb76f000 	C:\WINDOWS\System32\profapi.dll
0x00007ffccb700000 - 0x00007ffccb74c000 	C:\WINDOWS\System32\powrprof.dll
0x00007ffccb770000 - 0x00007ffccb77a000 	C:\WINDOWS\System32\FLTLIB.DLL
0x000000005e1f0000 - 0x000000005e1fd000 	C:\Program Files\Java\jdk1.8.0_151\jre\bin\management.dll
0x000000005e220000 - 0x000000005e23a000 	C:\Program Files\Java\jdk1.8.0_151\jre\bin\net.dll
0x00007ffccaf80000 - 0x00007ffccafe6000 	C:\WINDOWS\system32\mswsock.dll
0x00007ffca8a50000 - 0x00007ffca8a66000 	C:\WINDOWS\system32\napinsp.dll
0x00007ffca8a70000 - 0x00007ffca8a8a000 	C:\WINDOWS\system32\pnrpnsp.dll
0x00007ffcc73b0000 - 0x00007ffcc73c9000 	C:\WINDOWS\system32\NLAapi.dll
0x00007ffccad20000 - 0x00007ffccadde000 	C:\WINDOWS\SYSTEM32\DNSAPI.dll
0x00007ffccef50000 - 0x00007ffccef58000 	C:\WINDOWS\System32\NSI.dll
0x00007ffccacd0000 - 0x00007ffccad08000 	C:\WINDOWS\SYSTEM32\IPHLPAPI.DLL
0x00007ffca8b10000 - 0x00007ffca8b1e000 	C:\WINDOWS\System32\winrnr.dll
0x00007ffcbb6e0000 - 0x00007ffcbb6f5000 	C:\WINDOWS\System32\wshbth.dll
0x00007ffcb8600000 - 0x00007ffcb860a000 	C:\Windows\System32\rasadhlp.dll
0x00007ffcc2ab0000 - 0x00007ffcc2b22000 	C:\WINDOWS\System32\fwpuclnt.dll
0x00007ffccb260000 - 0x00007ffccb285000 	C:\WINDOWS\SYSTEM32\bcrypt.dll
0x000000005e200000 - 0x000000005e211000 	C:\Program Files\Java\jdk1.8.0_151\jre\bin\nio.dll
0x00007ffccb130000 - 0x00007ffccb147000 	C:\WINDOWS\SYSTEM32\CRYPTSP.dll
0x00007ffcca900000 - 0x00007ffcca933000 	C:\WINDOWS\system32\rsaenh.dll
0x00007ffccb600000 - 0x00007ffccb628000 	C:\WINDOWS\SYSTEM32\USERENV.dll
0x00007ffccb150000 - 0x00007ffccb15b000 	C:\WINDOWS\SYSTEM32\CRYPTBASE.dll
0x00007ffcbd280000 - 0x00007ffcbd296000 	C:\WINDOWS\SYSTEM32\dhcpcsvc6.DLL
0x00007ffcbd060000 - 0x00007ffcbd07a000 	C:\WINDOWS\SYSTEM32\dhcpcsvc.DLL
0x000000005e1c0000 - 0x000000005e1e4000 	C:\Program Files\Java\jdk1.8.0_151\jre\bin\sunec.dll
0x000000005e1b0000 - 0x000000005e1bb000 	C:\Program Files\Java\jdk1.8.0_151\jre\bin\sunmscapi.dll
0x00007ffccc1e0000 - 0x00007ffccc3c2000 	C:\WINDOWS\System32\CRYPT32.dll
0x00007ffccb7a0000 - 0x00007ffccb7b2000 	C:\WINDOWS\System32\MSASN1.dll

VM Arguments:
jvm_args: -Dfile.encoding=windows-1251 -Duser.country=RU -Duser.language=ru -Duser.variant 
java_command: ru.dashboard.backenddashboard.BackendDashboardApplication
java_class_path (initial): C:\MYSource\id\backend-dashboard\build\classes\java\main;C:\MYSource\id\backend-dashboard\build\resources\main;C:\Users\MaksimovA\.gradle\caches\modules-2\files-2.1\org.springframework.boot\spring-boot-devtools\2.4.3\e2f7257ad2eb471698154c7b229da7fecc480457\spring-boot-devtools-2.4.3.jar;C:\Users\MaksimovA\.gradle\caches\modules-2\files-2.1\org.postgresql\postgresql\42.1.4\1c7788d16b67d51f2f38ae99e474ece968bf715a\postgresql-42.1.4.jar;C:\Users\MaksimovA\.gradle\caches\modules-2\files-2.1\org.springframework.boot\spring-boot-starter-data-jpa\2.4.3\356d18d4bb10915f3d13c845fc38b5c068f2e075\spring-boot-starter-data-jpa-2.4.3.jar;C:\Users\MaksimovA\.gradle\caches\modules-2\files-2.1\org.springframework.boot\spring-boot-starter-data-rest\2.4.3\58ebc51b732632e0d2e666bdd6a6032936333b43\spring-boot-starter-data-rest-2.4.3.jar;C:\Users\MaksimovA\.gradle\caches\modules-2\files-2.1\org.springframework.boot\spring-boot-starter-web\2.4.3\4f5554ea183af87e52d8c31bb82aada0d74c40b0\spring-boot-starter-web-2.4.3.jar;C:\Users\MaksimovA\.gradle\caches\modules-2\files-2.1\org.springframework.boot\spring-boot-starter-thymeleaf\2.4.3\64fdb078f965cba7e5ec1f04c9fdeee87a4b788d\spring-boot-starter-thymeleaf-2.4.3.jar;C:\Users\MaksimovA\.gradle\caches\modules-2\files-2.1\mysql\mysql-connector-java\8.0.23\14d64ac509adccaff444513c12646d93e4ed8be8\mysql-connector-java-8.0.23.jar;C:\Users\MaksimovA\.gradle\caches\modules-2\files-2.1\org.springframework.boot\spring-boot-starter-aop\2.4.3\333593abae74bf7ecc883460751dcc69afb82604\spring-boot-starter-aop-2.4.3.jar;C:\Users\MaksimovA\.gradle\caches\modules-2\files-2.1\org.springframework.boot\spring-boot-starter-jdbc\2.4.3\2c5853339333cd2b545816d57f12f9d0a0fe6932\spring-boot-starter-jdbc-2.4.3.jar;C:\Users\MaksimovA\.gradle\caches\modules-2\files-2.1\org.springframework.boot\spring-boot-starter-json\2.4.3\7b26abb0a0379a00b58a2a50e010b29cf4f16b80\spring-boot-starter-json-2.4.3.jar;C:\Users\MaksimovA\.gradle\caches\modules-2\f
Launcher Type: SUN_STANDARD

Environment Variables:
PATH=C:\Program Files (x86)\Common Files\Oracle\Java\javapath;C:\ProgramData\Oracle\Java\javapath;C:\Program Files (x86)\RSA SecurID Token Common;C:\Program Files\RSA SecurID Token Common;C:\WINDOWS\system32;C:\WINDOWS;C:\WINDOWS\System32\Wbem;C:\WINDOWS\System32\WindowsPowerShell\v1.0\;C:\Program Files\OpenVPN\bin;C:\_utils\SysinternalsSuite;C:\_utils\_UnixUtils\usr\local\wbin;;C:\WINDOWS\System32\OpenSSH\;C:\Program Files\Intel\WiFi\bin\;C:\Program Files\Common Files\Intel\WirelessCommon\;C:\Program Files\nodejs\;C:\Program Files (x86)\PuTTY\;C:\Program Files\Microsoft SQL Server\Client SDK\ODBC\110\Tools\Binn\;C:\Program Files (x86)\Microsoft SQL Server\120\Tools\Binn\ManagementStudio\;C:\Program Files (x86)\Microsoft SQL Server\120\Tools\Binn\;C:\Program Files\Microsoft SQL Server\120\Tools\Binn\;C:\Program Files (x86)\Microsoft SQL Server\120\DTS\Binn\;C:\Program Files\Microsoft SQL Server\120\DTS\Binn\;C:\Program Files\dotnet\;C:\Program Files\Microsoft SQL Server\130\Tools\Binn\;C:\Program Files\Microsoft SQL Server\Client SDK\ODBC\170\Tools\Binn\;C:\Program Files (x86)\GitExtensions\;C:\Users\MaksimovA\AppData\Local\Microsoft\WindowsApps;C:\Users\MaksimovA\AppData\Local\Programs\Microsoft VS Code\bin;C:\MYSource\id\IntelliJ IDEA Community Edition 2020.2.1\bin;C:\Users\MaksimovA\AppData\Local\Programs\Git\cmd
USERNAME=MaksimovA
OS=Windows_NT
PROCESSOR_IDENTIFIER=Intel64 Family 6 Model 142 Stepping 10, GenuineIntel



---------------  S Y S T E M  ---------------

OS: Windows 10.0 , 64 bit Build 17134 (10.0.17134.1425)

CPU:total 4 (initial active 4) (2 cores per cpu, 2 threads per core) family 6 model 142 stepping 10, cmov, cx8, fxsr, mmx, sse, sse2, sse3, ssse3, sse4.1, sse4.2, popcnt, avx, avx2, aes, clmul, erms, 3dnowpref, lzcnt, ht, tsc, tscinvbit, bmi1, bmi2, adx

Memory: 4k page, physical 8228036k(443228k free), swap 33393860k(5304k free)

vm_info: Java HotSpot(TM) 64-Bit Server VM (25.151-b12) for windows-amd64 JRE (1.8.0_151-b12), built on Sep  5 2017 19:33:46 by "java_re" with MS VC++ 10.0 (VS2010)

time: Thu Jun 03 20:21:54 2021
elapsed time: 15 seconds (0d 0h 0m 15s)

