#
# There is insufficient memory for the Java Runtime Environment to continue.
# Native memory allocation (malloc) failed to allocate 786576 bytes for Chunk::new
# Possible reasons:
#   The system is out of physical RAM or swap space
#   In 32 bit mode, the process size limit was hit
# Possible solutions:
#   Reduce memory load on the system
#   Increase physical memory or swap space
#   Check if swap backing store is full
#   Use 64 bit Java on a 64 bit OS
#   Decrease Java heap size (-Xmx/-Xms)
#   Decrease number of Java threads
#   Decrease Java thread stack sizes (-Xss)
#   Set larger code cache with -XX:ReservedCodeCacheSize=
# This output file may be truncated or incomplete.
#
#  Out of Memory Error (allocation.cpp:390), pid=6464, tid=0x000000000000713c
#
# JRE version: Java(TM) SE Runtime Environment (8.0_151-b12) (build 1.8.0_151-b12)
# Java VM: Java HotSpot(TM) 64-Bit Server VM (25.151-b12 mixed mode windows-amd64 compressed oops)
# Failed to write core dump. Minidumps are not enabled by default on client versions of Windows
#

---------------  T H R E A D  ---------------

Current thread (0x000000001733e000):  JavaThread "C2 CompilerThread1" daemon [_thread_in_native, id=28988, stack(0x0000000018a90000,0x0000000018b90000)]

Stack: [0x0000000018a90000,0x0000000018b90000]
[error occurred during error reporting (printing stack bounds), id 0xc0000005]

Native frames: (J=compiled Java code, j=interpreted, Vv=VM code, C=native code)


Current CompileTask:
C2:  12227 3675   !   4       java.net.URL::<init> (543 bytes)


---------------  P R O C E S S  ---------------

Java Threads: ( => current thread )
  0x00000000197f6800 JavaThread "HikariPool-1 connection adder" daemon [_thread_blocked, id=24656, stack(0x00000000202c0000,0x00000000203c0000)]
  0x00000000197f3800 JavaThread "HikariPool-1 housekeeper" daemon [_thread_blocked, id=22508, stack(0x00000000201c0000,0x00000000202c0000)]
  0x000000001e912800 JavaThread "mysql-cj-abandoned-connection-cleanup" daemon [_thread_blocked, id=8860, stack(0x000000001fdc0000,0x000000001fec0000)]
  0x000000001c136800 JavaThread "container-0" [_thread_blocked, id=25012, stack(0x000000001f710000,0x000000001f810000)]
  0x000000001c133800 JavaThread "Catalina-utility-2" [_thread_blocked, id=22916, stack(0x000000001f610000,0x000000001f710000)]
  0x000000001e595800 JavaThread "Catalina-utility-1" [_thread_blocked, id=13536, stack(0x000000001d2d0000,0x000000001d3d0000)]
  0x0000000018df3000 JavaThread "restartedMain" [_thread_in_vm, id=30000, stack(0x000000001aca0000,0x000000001ada0000)]
  0x0000000019856000 JavaThread "Thread-0" [_thread_blocked, id=24828, stack(0x000000001aba0000,0x000000001aca0000)]
  0x0000000018cc0800 JavaThread "Service Thread" daemon [_thread_blocked, id=25064, stack(0x0000000019090000,0x0000000019190000)]
  0x0000000017342000 JavaThread "C1 CompilerThread2" daemon [_thread_blocked, id=11704, stack(0x0000000018b90000,0x0000000018c90000)]
=>0x000000001733e000 JavaThread "C2 CompilerThread1" daemon [_thread_in_native, id=28988, stack(0x0000000018a90000,0x0000000018b90000)]
  0x0000000017339000 JavaThread "C2 CompilerThread0" daemon [_thread_blocked, id=28124, stack(0x0000000018990000,0x0000000018a90000)]
  0x0000000017336000 JavaThread "Attach Listener" daemon [_thread_blocked, id=27408, stack(0x0000000018890000,0x0000000018990000)]
  0x0000000017335000 JavaThread "Signal Dispatcher" daemon [_thread_blocked, id=11276, stack(0x0000000018790000,0x0000000018890000)]
  0x0000000017320000 JavaThread "Finalizer" daemon [_thread_blocked, id=11304, stack(0x0000000018590000,0x0000000018690000)]
  0x0000000002878000 JavaThread "Reference Handler" daemon [_thread_blocked, id=10616, stack(0x0000000018490000,0x0000000018590000)]
  0x0000000002787000 JavaThread "main" [_thread_blocked, id=18024, stack(0x00000000025b0000,0x00000000026b0000)]

Other Threads:
  0x00000000172f8000 VMThread [stack: 0x0000000018390000,0x0000000018490000] [id=1576]
  0x000000001738d800 WatcherThread [stack: 0x0000000019190000,0x0000000019290000] [id=22548]

VM state:not at safepoint (normal execution)

VM Mutex/Monitor currently owned by a thread: None

Heap:
 PSYoungGen      total 221696K, used 44066K [0x00000000d6200000, 0x00000000e4c80000, 0x0000000100000000)
  eden space 210432K, 20% used [0x00000000d6200000,0x00000000d8d08b70,0x00000000e2f80000)
  from space 11264K, 0% used [0x00000000e4180000,0x00000000e4180000,0x00000000e4c80000)
  to   space 14336K, 0% used [0x00000000e3080000,0x00000000e3080000,0x00000000e3e80000)
 ParOldGen       total 52736K, used 15786K [0x0000000082600000, 0x0000000085980000, 0x00000000d6200000)
  object space 52736K, 29% used [0x0000000082600000,0x000000008356a9c8,0x0000000085980000)
 Metaspace       used 37535K, capacity 39802K, committed 40152K, reserved 1083392K
  class space    used 4829K, capacity 5257K, committed 5336K, reserved 1048576K

Card table byte_map: [0x0000000011c40000,0x0000000012030000] byte_map_base: 0x000000001182d000

Marking Bits: (ParMarkBitMap*) 0x000000005eabd850
 Begin Bits: [0x00000000126d0000, 0x0000000014638000)
 End Bits:   [0x0000000014638000, 0x00000000165a0000)

Polling page: 0x0000000002480000

CodeCache: size=245760Kb used=12224Kb max_used=13016Kb free=233535Kb
 bounds [0x0000000002880000, 0x0000000003540000, 0x0000000011880000]
 total_blobs=3732 nmethods=3290 adapters=354
 compilation: enabled

Compilation events (10 events):
Event: 11.892 Thread 0x0000000017339000 nmethod 3672 0x0000000003249790 code [0x0000000003249920, 0x0000000003249d78]
Event: 11.903 Thread 0x000000001733e000 3673   !   4       sun.misc.URLClassPath$JarLoader::getResource (353 bytes)
Event: 11.927 Thread 0x000000001733e000 nmethod 3673 0x00000000029a36d0 code [0x00000000029a3960, 0x00000000029a4558]
Event: 11.995 Thread 0x0000000017339000 3674       4       java.util.zip.ZipFile::getZipEntry (251 bytes)
Event: 12.011 Thread 0x0000000017339000 nmethod 3674 0x0000000002cf01d0 code [0x0000000002cf0400, 0x0000000002cf0e68]
Event: 12.063 Thread 0x000000001733e000 3675   !   4       java.net.URL::<init> (543 bytes)
Event: 12.078 Thread 0x0000000017339000 3676  s    4       java.lang.StringBuffer::toString (36 bytes)
Event: 12.084 Thread 0x0000000017339000 nmethod 3676 0x0000000002e37250 code [0x0000000002e373a0, 0x0000000002e37938]
Event: 12.152 Thread 0x0000000017339000 3677       4       java.io.WinNTFileSystem::prefixLength (91 bytes)
Event: 12.155 Thread 0x0000000017339000 nmethod 3677 0x0000000002e36c50 code [0x0000000002e36da0, 0x0000000002e36fb8]

GC Heap History (10 events):
Event: 4.529 GC heap before
{Heap before GC invocations=6 (full 0):
 PSYoungGen      total 70656K, used 12781K [0x00000000d6200000, 0x00000000df500000, 0x0000000100000000)
  eden space 65536K, 11% used [0x00000000d6200000,0x00000000d697ba70,0x00000000da200000)
  from space 5120K, 99% used [0x00000000da200000,0x00000000da6ffa98,0x00000000da700000)
  to   space 9728K, 0% used [0x00000000deb80000,0x00000000deb80000,0x00000000df500000)
 ParOldGen       total 86016K, used 5943K [0x0000000082600000, 0x0000000087a00000, 0x00000000d6200000)
  object space 86016K, 6% used [0x0000000082600000,0x0000000082bcde40,0x0000000087a00000)
 Metaspace       used 20253K, capacity 21162K, committed 21248K, reserved 1067008K
  class space    used 2523K, capacity 2755K, committed 2816K, reserved 1048576K
Event: 4.543 GC heap after
Heap after GC invocations=6 (full 0):
 PSYoungGen      total 140800K, used 6204K [0x00000000d6200000, 0x00000000df500000, 0x0000000100000000)
  eden space 131072K, 0% used [0x00000000d6200000,0x00000000d6200000,0x00000000de200000)
  from space 9728K, 63% used [0x00000000deb80000,0x00000000df18f128,0x00000000df500000)
  to   space 9728K, 0% used [0x00000000de200000,0x00000000de200000,0x00000000deb80000)
 ParOldGen       total 86016K, used 5951K [0x0000000082600000, 0x0000000087a00000, 0x00000000d6200000)
  object space 86016K, 6% used [0x0000000082600000,0x0000000082bcfe40,0x0000000087a00000)
 Metaspace       used 20253K, capacity 21162K, committed 21248K, reserved 1067008K
  class space    used 2523K, capacity 2755K, committed 2816K, reserved 1048576K
}
Event: 4.543 GC heap before
{Heap before GC invocations=7 (full 1):
 PSYoungGen      total 140800K, used 6204K [0x00000000d6200000, 0x00000000df500000, 0x0000000100000000)
  eden space 131072K, 0% used [0x00000000d6200000,0x00000000d6200000,0x00000000de200000)
  from space 9728K, 63% used [0x00000000deb80000,0x00000000df18f128,0x00000000df500000)
  to   space 9728K, 0% used [0x00000000de200000,0x00000000de200000,0x00000000deb80000)
 ParOldGen       total 86016K, used 5951K [0x0000000082600000, 0x0000000087a00000, 0x00000000d6200000)
  object space 86016K, 6% used [0x0000000082600000,0x0000000082bcfe40,0x0000000087a00000)
 Metaspace       used 20253K, capacity 21162K, committed 21248K, reserved 1067008K
  class space    used 2523K, capacity 2755K, committed 2816K, reserved 1048576K
Event: 4.603 GC heap after
Heap after GC invocations=7 (full 1):
 PSYoungGen      total 140800K, used 0K [0x00000000d6200000, 0x00000000df500000, 0x0000000100000000)
  eden space 131072K, 0% used [0x00000000d6200000,0x00000000d6200000,0x00000000de200000)
  from space 9728K, 0% used [0x00000000deb80000,0x00000000deb80000,0x00000000df500000)
  to   space 9728K, 0% used [0x00000000de200000,0x00000000de200000,0x00000000deb80000)
 ParOldGen       total 52736K, used 6181K [0x0000000082600000, 0x0000000085980000, 0x00000000d6200000)
  object space 52736K, 11% used [0x0000000082600000,0x0000000082c09750,0x0000000085980000)
 Metaspace       used 20253K, capacity 21162K, committed 21248K, reserved 1067008K
  class space    used 2523K, capacity 2755K, committed 2816K, reserved 1048576K
}
Event: 9.030 GC heap before
{Heap before GC invocations=8 (full 1):
 PSYoungGen      total 140800K, used 131072K [0x00000000d6200000, 0x00000000df500000, 0x0000000100000000)
  eden space 131072K, 100% used [0x00000000d6200000,0x00000000de200000,0x00000000de200000)
  from space 9728K, 0% used [0x00000000deb80000,0x00000000deb80000,0x00000000df500000)
  to   space 9728K, 0% used [0x00000000de200000,0x00000000de200000,0x00000000deb80000)
 ParOldGen       total 52736K, used 6181K [0x0000000082600000, 0x0000000085980000, 0x00000000d6200000)
  object space 52736K, 11% used [0x0000000082600000,0x0000000082c09750,0x0000000085980000)
 Metaspace       used 29150K, capacity 31130K, committed 31360K, reserved 1077248K
  class space    used 3743K, capacity 4099K, committed 4224K, reserved 1048576K
Event: 9.051 GC heap after
Heap after GC invocations=8 (full 1):
 PSYoungGen      total 140800K, used 9718K [0x00000000d6200000, 0x00000000e4e80000, 0x0000000100000000)
  eden space 131072K, 0% used [0x00000000d6200000,0x00000000d6200000,0x00000000de200000)
  from space 9728K, 99% used [0x00000000de200000,0x00000000deb7dab0,0x00000000deb80000)
  to   space 13312K, 0% used [0x00000000e4180000,0x00000000e4180000,0x00000000e4e80000)
 ParOldGen       total 52736K, used 10225K [0x0000000082600000, 0x0000000085980000, 0x00000000d6200000)
  object space 52736K, 19% used [0x0000000082600000,0x0000000082ffc770,0x0000000085980000)
 Metaspace       used 29150K, capacity 31130K, committed 31360K, reserved 1077248K
  class space    used 3743K, capacity 4099K, committed 4224K, reserved 1048576K
}
Event: 11.122 GC heap before
{Heap before GC invocations=9 (full 1):
 PSYoungGen      total 140800K, used 136137K [0x00000000d6200000, 0x00000000e4e80000, 0x0000000100000000)
  eden space 131072K, 96% used [0x00000000d6200000,0x00000000ddd74bd0,0x00000000de200000)
  from space 9728K, 99% used [0x00000000de200000,0x00000000deb7dab0,0x00000000deb80000)
  to   space 13312K, 0% used [0x00000000e4180000,0x00000000e4180000,0x00000000e4e80000)
 ParOldGen       total 52736K, used 10225K [0x0000000082600000, 0x0000000085980000, 0x00000000d6200000)
  object space 52736K, 19% used [0x0000000082600000,0x0000000082ffc770,0x0000000085980000)
 Metaspace       used 33223K, capacity 35374K, committed 35416K, reserved 1079296K
  class space    used 4239K, capacity 4663K, committed 4696K, reserved 1048576K
Event: 11.141 GC heap after
Heap after GC invocations=9 (full 1):
 PSYoungGen      total 221696K, used 10948K [0x00000000d6200000, 0x00000000e4c80000, 0x0000000100000000)
  eden space 210432K, 0% used [0x00000000d6200000,0x00000000d6200000,0x00000000e2f80000)
  from space 11264K, 97% used [0x00000000e4180000,0x00000000e4c31090,0x00000000e4c80000)
  to   space 14336K, 0% used [0x00000000e3080000,0x00000000e3080000,0x00000000e3e80000)
 ParOldGen       total 52736K, used 10233K [0x0000000082600000, 0x0000000085980000, 0x00000000d6200000)
  object space 52736K, 19% used [0x0000000082600000,0x0000000082ffe770,0x0000000085980000)
 Metaspace       used 33223K, capacity 35374K, committed 35416K, reserved 1079296K
  class space    used 4239K, capacity 4663K, committed 4696K, reserved 1048576K
}
Event: 11.141 GC heap before
{Heap before GC invocations=10 (full 2):
 PSYoungGen      total 221696K, used 10948K [0x00000000d6200000, 0x00000000e4c80000, 0x0000000100000000)
  eden space 210432K, 0% used [0x00000000d6200000,0x00000000d6200000,0x00000000e2f80000)
  from space 11264K, 97% used [0x00000000e4180000,0x00000000e4c31090,0x00000000e4c80000)
  to   space 14336K, 0% used [0x00000000e3080000,0x00000000e3080000,0x00000000e3e80000)
 ParOldGen       total 52736K, used 10233K [0x0000000082600000, 0x0000000085980000, 0x00000000d6200000)
  object space 52736K, 19% used [0x0000000082600000,0x0000000082ffe770,0x0000000085980000)
 Metaspace       used 33223K, capacity 35374K, committed 35416K, reserved 1079296K
  class space    used 4239K, capacity 4663K, committed 4696K, reserved 1048576K
Event: 11.223 GC heap after
Heap after GC invocations=10 (full 2):
 PSYoungGen      total 221696K, used 0K [0x00000000d6200000, 0x00000000e4c80000, 0x0000000100000000)
  eden space 210432K, 0% used [0x00000000d6200000,0x00000000d6200000,0x00000000e2f80000)
  from space 11264K, 0% used [0x00000000e4180000,0x00000000e4180000,0x00000000e4c80000)
  to   space 14336K, 0% used [0x00000000e3080000,0x00000000e3080000,0x00000000e3e80000)
 ParOldGen       total 52736K, used 15786K [0x0000000082600000, 0x0000000085980000, 0x00000000d6200000)
  object space 52736K, 29% used [0x0000000082600000,0x000000008356a9c8,0x0000000085980000)
 Metaspace       used 33223K, capacity 35374K, committed 35416K, reserved 1079296K
  class space    used 4239K, capacity 4663K, committed 4696K, reserved 1048576K
}

Deoptimization events (10 events):
Event: 10.526 Thread 0x0000000018df3000 Uncommon trap: reason=unstable_if action=reinterpret pc=0x0000000002cd76cc method=org.springframework.boot.context.properties.source.ConfigurationPropertyName.getElement(ILorg/springframework/boot/context/properties/source/ConfigurationPropertyName$Form;)
Event: 10.660 Thread 0x0000000018df3000 Uncommon trap: reason=unstable_if action=reinterpret pc=0x000000000330a5f4 method=java.util.jar.JarFile.getManifestFromReference()Ljava/util/jar/Manifest; @ 39
Event: 10.969 Thread 0x0000000018df3000 Uncommon trap: reason=unstable_if action=reinterpret pc=0x0000000002b7c17c method=java.net.URI.match(CJJ)Z @ 45
Event: 10.977 Thread 0x0000000018df3000 Uncommon trap: reason=unstable_if action=reinterpret pc=0x000000000338c198 method=java.util.Properties$LineReader.readLine()I @ 328
Event: 10.981 Thread 0x0000000018df3000 Uncommon trap: reason=unstable_if action=reinterpret pc=0x00000000033a2c80 method=java.util.Properties.load0(Ljava/util/Properties$LineReader;)V @ 161
Event: 11.224 Thread 0x0000000017320000 Uncommon trap: reason=unstable_if action=reinterpret pc=0x000000000299aaf0 method=java.util.WeakHashMap.remove(Ljava/lang/Object;)Ljava/lang/Object; @ 67
Event: 11.331 Thread 0x0000000018df3000 Uncommon trap: reason=unstable_if action=reinterpret pc=0x0000000002bb73bc method=java.lang.CharacterDataLatin1.isWhitespace(I)Z @ 14
Event: 11.352 Thread 0x0000000018df3000 Uncommon trap: reason=unstable_if action=reinterpret pc=0x00000000031e07ec method=java.security.CodeSource.getCertificates()[Ljava/security/cert/Certificate; @ 22
Event: 11.418 Thread 0x0000000018df3000 Uncommon trap: reason=unstable_if action=reinterpret pc=0x00000000030c5854 method=sun.misc.ASCIICaseInsensitiveComparator.compare(Ljava/lang/String;Ljava/lang/String;)I @ 83
Event: 11.469 Thread 0x0000000018df3000 Uncommon trap: reason=unstable_if action=reinterpret pc=0x0000000002b49308 method=sun.nio.cs.UTF_8$Decoder.decode([BII[C)I @ 30

Internal exceptions (10 events):
Event: 11.580 Thread 0x0000000018df3000 Exception <a 'java/lang/ClassNotFoundException': org/springframework/beans/factory/BeanClassLoaderAwareCustomizer> (0x00000000d71eb9a0) thrown at [C:\re\workspace\8-2-build-windows-amd64-cygwin\jdk8u151\9699\hotspot\src\share\vm\classfile\systemDictionary
Event: 11.581 Thread 0x0000000018df3000 Exception <a 'java/lang/ClassNotFoundException': org/springframework/beans/factory/AwareCustomizer> (0x00000000d7202a28) thrown at [C:\re\workspace\8-2-build-windows-amd64-cygwin\jdk8u151\9699\hotspot\src\share\vm\classfile\systemDictionary.cpp, line 210]
Event: 11.582 Thread 0x0000000018df3000 Exception <a 'java/lang/ClassNotFoundException': org/springframework/beans/factory/BeanFactoryAwareCustomizer> (0x00000000d721bb38) thrown at [C:\re\workspace\8-2-build-windows-amd64-cygwin\jdk8u151\9699\hotspot\src\share\vm\classfile\systemDictionary.cpp
Event: 11.583 Thread 0x0000000018df3000 Exception <a 'java/lang/ClassNotFoundException': org/springframework/beans/factory/AwareCustomizer> (0x00000000d7233120) thrown at [C:\re\workspace\8-2-build-windows-amd64-cygwin\jdk8u151\9699\hotspot\src\share\vm\classfile\systemDictionary.cpp, line 210]
Event: 11.583 Thread 0x0000000018df3000 Exception <a 'java/lang/ClassNotFoundException': org/springframework/beans/factory/BeanNameAwareCustomizer> (0x00000000d724b220) thrown at [C:\re\workspace\8-2-build-windows-amd64-cygwin\jdk8u151\9699\hotspot\src\share\vm\classfile\systemDictionary.cpp, l
Event: 11.584 Thread 0x0000000018df3000 Exception <a 'java/lang/ClassNotFoundException': org/springframework/beans/factory/AwareCustomizer> (0x00000000d72621c8) thrown at [C:\re\workspace\8-2-build-windows-amd64-cygwin\jdk8u151\9699\hotspot\src\share\vm\classfile\systemDictionary.cpp, line 210]
Event: 11.584 Thread 0x0000000018df3000 Exception <a 'java/lang/ClassNotFoundException': org/springframework/beans/factory/InitializingBeanCustomizer> (0x00000000d727b2d8) thrown at [C:\re\workspace\8-2-build-windows-amd64-cygwin\jdk8u151\9699\hotspot\src\share\vm\classfile\systemDictionary.cpp
Event: 11.585 Thread 0x0000000018df3000 Exception <a 'java/lang/ClassNotFoundException': org/springframework/beans/factory/DisposableBeanCustomizer> (0x00000000d7293d88) thrown at [C:\re\workspace\8-2-build-windows-amd64-cygwin\jdk8u151\9699\hotspot\src\share\vm\classfile\systemDictionary.cpp, 
Event: 11.586 Thread 0x0000000018df3000 Exception <a 'java/lang/ClassNotFoundException': org/springframework/orm/jpa/EntityManagerFactoryInfoCustomizer> (0x00000000d72ae110) thrown at [C:\re\workspace\8-2-build-windows-amd64-cygwin\jdk8u151\9699\hotspot\src\share\vm\classfile\systemDictionary.c
Event: 11.587 Thread 0x0000000018df3000 Exception <a 'java/lang/ClassNotFoundException': org/springframework/dao/support/PersistenceExceptionTranslatorCustomizer> (0x00000000d72d8b18) thrown at [C:\re\workspace\8-2-build-windows-amd64-cygwin\jdk8u151\9699\hotspot\src\share\vm\classfile\systemDi

Events (10 events):
Event: 12.186 loading class net/bytebuddy/implementation/bytecode/StackManipulation$Trivial
Event: 12.186 loading class net/bytebuddy/implementation/bytecode/StackManipulation$Trivial done
Event: 12.187 loading class net/bytebuddy/implementation/bind/annotation/FieldValue
Event: 12.187 loading class net/bytebuddy/implementation/bind/annotation/FieldValue done
Event: 12.187 loading class net/bytebuddy/implementation/bind/annotation/StubValue$Binder
Event: 12.187 loading class net/bytebuddy/implementation/bind/annotation/StubValue$Binder done
Event: 12.189 loading class net/bytebuddy/implementation/bind/annotation/Empty$Binder
Event: 12.189 loading class net/bytebuddy/implementation/bind/annotation/Empty$Binder done
Event: 12.190 loading class net/bytebuddy/implementation/bind/MethodDelegationBinder$BindingResolver$Default
Event: 12.190 loading class net/bytebuddy/implementation/bind/MethodDelegationBinder$BindingResolver$Default done


Dynamic libraries:
0x00007ff7e5fe0000 - 0x00007ff7e6017000 	C:\Program Files\Java\jdk1.8.0_151\bin\java.exe
0x00007ffccf420000 - 0x00007ffccf601000 	C:\WINDOWS\SYSTEM32\ntdll.dll
0x00007ffccc890000 - 0x00007ffccc941000 	C:\WINDOWS\System32\KERNEL32.DLL
0x00007ffccc570000 - 0x00007ffccc7e3000 	C:\WINDOWS\System32\KERNELBASE.dll
0x00007ffcc9390000 - 0x00007ffcc941b000 	C:\WINDOWS\SYSTEM32\apphelp.dll
0x000000005fd70000 - 0x000000005fe1e000 	C:\WINDOWS\System32\SYSFER.DLL
0x00007ffccf1f0000 - 0x00007ffccf291000 	C:\WINDOWS\System32\ADVAPI32.dll
0x00007ffccf000000 - 0x00007ffccf09e000 	C:\WINDOWS\System32\msvcrt.dll
0x00007ffcce2d0000 - 0x00007ffcce32b000 	C:\WINDOWS\System32\sechost.dll
0x00007ffccedc0000 - 0x00007ffcceee4000 	C:\WINDOWS\System32\RPCRT4.dll
0x00007ffcce130000 - 0x00007ffcce2c1000 	C:\WINDOWS\System32\USER32.dll
0x00007ffccc170000 - 0x00007ffccc190000 	C:\WINDOWS\System32\win32u.dll
0x00007ffcce4c0000 - 0x00007ffcce4e8000 	C:\WINDOWS\System32\GDI32.dll
0x00007ffccc3d0000 - 0x00007ffccc563000 	C:\WINDOWS\System32\gdi32full.dll
0x00007ffccc7f0000 - 0x00007ffccc88f000 	C:\WINDOWS\System32\msvcp_win.dll
0x00007ffccc070000 - 0x00007ffccc168000 	C:\WINDOWS\System32\ucrtbase.dll
0x00007ffcaf210000 - 0x00007ffcaf479000 	C:\WINDOWS\WinSxS\amd64_microsoft.windows.common-controls_6595b64144ccf1df_6.0.17134.1902_none_d3fc12d37c93a894\COMCTL32.dll
0x00007ffccc950000 - 0x00007ffcccc71000 	C:\WINDOWS\System32\combase.dll
0x00007ffccb7c0000 - 0x00007ffccb839000 	C:\WINDOWS\System32\bcryptPrimitives.dll
0x00007ffccf0a0000 - 0x00007ffccf0cd000 	C:\WINDOWS\System32\IMM32.DLL
0x000000005eb40000 - 0x000000005ec12000 	C:\Program Files\Java\jdk1.8.0_151\jre\bin\msvcr100.dll
0x000000005e2a0000 - 0x000000005eb3d000 	C:\Program Files\Java\jdk1.8.0_151\jre\bin\server\jvm.dll
0x00007ffccf1c0000 - 0x00007ffccf1c8000 	C:\WINDOWS\System32\PSAPI.DLL
0x00007ffcb3250000 - 0x00007ffcb3259000 	C:\WINDOWS\SYSTEM32\WSOCK32.dll
0x00007ffcce330000 - 0x00007ffcce39c000 	C:\WINDOWS\System32\WS2_32.dll
0x00007ffcc9470000 - 0x00007ffcc9493000 	C:\WINDOWS\SYSTEM32\WINMM.dll
0x00007ffcbb3e0000 - 0x00007ffcbb3ea000 	C:\WINDOWS\SYSTEM32\VERSION.dll
0x00007ffcc9440000 - 0x00007ffcc946a000 	C:\WINDOWS\SYSTEM32\WINMMBASE.dll
0x00007ffccc190000 - 0x00007ffccc1d9000 	C:\WINDOWS\System32\cfgmgr32.dll
0x000000005e290000 - 0x000000005e29f000 	C:\Program Files\Java\jdk1.8.0_151\jre\bin\verify.dll
0x000000005e260000 - 0x000000005e289000 	C:\Program Files\Java\jdk1.8.0_151\jre\bin\java.dll
0x000000005e240000 - 0x000000005e256000 	C:\Program Files\Java\jdk1.8.0_151\jre\bin\zip.dll
0x00007ffcccce0000 - 0x00007ffcce125000 	C:\WINDOWS\System32\SHELL32.dll
0x00007ffcce3a0000 - 0x00007ffcce449000 	C:\WINDOWS\System32\shcore.dll
0x00007ffccb950000 - 0x00007ffccc065000 	C:\WINDOWS\System32\windows.storage.dll
0x00007ffcccc80000 - 0x00007ffccccd1000 	C:\WINDOWS\System32\shlwapi.dll
0x00007ffccb780000 - 0x00007ffccb791000 	C:\WINDOWS\System32\kernel.appcore.dll
0x00007ffccb750000 - 0x00007ffccb76f000 	C:\WINDOWS\System32\profapi.dll
0x00007ffccb700000 - 0x00007ffccb74c000 	C:\WINDOWS\System32\powrprof.dll
0x00007ffccb770000 - 0x00007ffccb77a000 	C:\WINDOWS\System32\FLTLIB.DLL
0x000000005e1f0000 - 0x000000005e1fd000 	C:\Program Files\Java\jdk1.8.0_151\jre\bin\management.dll
0x000000005e220000 - 0x000000005e23a000 	C:\Program Files\Java\jdk1.8.0_151\jre\bin\net.dll
0x00007ffccaf80000 - 0x00007ffccafe6000 	C:\WINDOWS\system32\mswsock.dll
0x00007ffca8a50000 - 0x00007ffca8a66000 	C:\WINDOWS\system32\napinsp.dll
0x00007ffca8a70000 - 0x00007ffca8a8a000 	C:\WINDOWS\system32\pnrpnsp.dll
0x00007ffcc73b0000 - 0x00007ffcc73c9000 	C:\WINDOWS\system32\NLAapi.dll
0x00007ffccad20000 - 0x00007ffccadde000 	C:\WINDOWS\SYSTEM32\DNSAPI.dll
0x00007ffccef50000 - 0x00007ffccef58000 	C:\WINDOWS\System32\NSI.dll
0x00007ffccacd0000 - 0x00007ffccad08000 	C:\WINDOWS\SYSTEM32\IPHLPAPI.DLL
0x00007ffca8b10000 - 0x00007ffca8b1e000 	C:\WINDOWS\System32\winrnr.dll
0x00007ffcbb6e0000 - 0x00007ffcbb6f5000 	C:\WINDOWS\System32\wshbth.dll
0x00007ffcb8600000 - 0x00007ffcb860a000 	C:\Windows\System32\rasadhlp.dll
0x00007ffcc2ab0000 - 0x00007ffcc2b22000 	C:\WINDOWS\System32\fwpuclnt.dll
0x00007ffccb260000 - 0x00007ffccb285000 	C:\WINDOWS\SYSTEM32\bcrypt.dll
0x000000005e200000 - 0x000000005e211000 	C:\Program Files\Java\jdk1.8.0_151\jre\bin\nio.dll
0x00007ffccb130000 - 0x00007ffccb147000 	C:\WINDOWS\SYSTEM32\CRYPTSP.dll
0x00007ffcca900000 - 0x00007ffcca933000 	C:\WINDOWS\system32\rsaenh.dll
0x00007ffccb600000 - 0x00007ffccb628000 	C:\WINDOWS\SYSTEM32\USERENV.dll
0x00007ffccb150000 - 0x00007ffccb15b000 	C:\WINDOWS\SYSTEM32\CRYPTBASE.dll
0x00007ffcbd280000 - 0x00007ffcbd296000 	C:\WINDOWS\SYSTEM32\dhcpcsvc6.DLL
0x00007ffcbd060000 - 0x00007ffcbd07a000 	C:\WINDOWS\SYSTEM32\dhcpcsvc.DLL
0x000000005e1c0000 - 0x000000005e1e4000 	C:\Program Files\Java\jdk1.8.0_151\jre\bin\sunec.dll
0x000000005e1b0000 - 0x000000005e1bb000 	C:\Program Files\Java\jdk1.8.0_151\jre\bin\sunmscapi.dll
0x00007ffccc1e0000 - 0x00007ffccc3c2000 	C:\WINDOWS\System32\CRYPT32.dll
0x00007ffccb7a0000 - 0x00007ffccb7b2000 	C:\WINDOWS\System32\MSASN1.dll

VM Arguments:
jvm_args: -Dfile.encoding=windows-1251 -Duser.country=RU -Duser.language=ru -Duser.variant 
java_command: ru.dashboard.backenddashboard.BackendDashboardApplication
java_class_path (initial): C:\MYSource\id\backend-dashboard\build\classes\java\main;C:\MYSource\id\backend-dashboard\build\resources\main;C:\Users\MaksimovA\.gradle\caches\modules-2\files-2.1\org.springframework.boot\spring-boot-devtools\2.4.3\e2f7257ad2eb471698154c7b229da7fecc480457\spring-boot-devtools-2.4.3.jar;C:\Users\MaksimovA\.gradle\caches\modules-2\files-2.1\org.postgresql\postgresql\42.1.4\1c7788d16b67d51f2f38ae99e474ece968bf715a\postgresql-42.1.4.jar;C:\Users\MaksimovA\.gradle\caches\modules-2\files-2.1\org.springframework.boot\spring-boot-starter-data-jpa\2.4.3\356d18d4bb10915f3d13c845fc38b5c068f2e075\spring-boot-starter-data-jpa-2.4.3.jar;C:\Users\MaksimovA\.gradle\caches\modules-2\files-2.1\org.springframework.boot\spring-boot-starter-data-rest\2.4.3\58ebc51b732632e0d2e666bdd6a6032936333b43\spring-boot-starter-data-rest-2.4.3.jar;C:\Users\MaksimovA\.gradle\caches\modules-2\files-2.1\org.springframework.boot\spring-boot-starter-web\2.4.3\4f5554ea183af87e52d8c31bb82aada0d74c40b0\spring-boot-starter-web-2.4.3.jar;C:\Users\MaksimovA\.gradle\caches\modules-2\files-2.1\org.springframework.boot\spring-boot-starter-thymeleaf\2.4.3\64fdb078f965cba7e5ec1f04c9fdeee87a4b788d\spring-boot-starter-thymeleaf-2.4.3.jar;C:\Users\MaksimovA\.gradle\caches\modules-2\files-2.1\mysql\mysql-connector-java\8.0.23\14d64ac509adccaff444513c12646d93e4ed8be8\mysql-connector-java-8.0.23.jar;C:\Users\MaksimovA\.gradle\caches\modules-2\files-2.1\org.springframework.boot\spring-boot-starter-aop\2.4.3\333593abae74bf7ecc883460751dcc69afb82604\spring-boot-starter-aop-2.4.3.jar;C:\Users\MaksimovA\.gradle\caches\modules-2\files-2.1\org.springframework.boot\spring-boot-starter-jdbc\2.4.3\2c5853339333cd2b545816d57f12f9d0a0fe6932\spring-boot-starter-jdbc-2.4.3.jar;C:\Users\MaksimovA\.gradle\caches\modules-2\files-2.1\org.springframework.boot\spring-boot-starter-json\2.4.3\7b26abb0a0379a00b58a2a50e010b29cf4f16b80\spring-boot-starter-json-2.4.3.jar;C:\Users\MaksimovA\.gradle\caches\modules-2\f
Launcher Type: SUN_STANDARD

Environment Variables:
PATH=C:\Program Files (x86)\Common Files\Oracle\Java\javapath;C:\ProgramData\Oracle\Java\javapath;C:\Program Files (x86)\RSA SecurID Token Common;C:\Program Files\RSA SecurID Token Common;C:\WINDOWS\system32;C:\WINDOWS;C:\WINDOWS\System32\Wbem;C:\WINDOWS\System32\WindowsPowerShell\v1.0\;C:\Program Files\OpenVPN\bin;C:\_utils\SysinternalsSuite;C:\_utils\_UnixUtils\usr\local\wbin;;C:\WINDOWS\System32\OpenSSH\;C:\Program Files\Intel\WiFi\bin\;C:\Program Files\Common Files\Intel\WirelessCommon\;C:\Program Files\nodejs\;C:\Program Files (x86)\PuTTY\;C:\Program Files\Microsoft SQL Server\Client SDK\ODBC\110\Tools\Binn\;C:\Program Files (x86)\Microsoft SQL Server\120\Tools\Binn\ManagementStudio\;C:\Program Files (x86)\Microsoft SQL Server\120\Tools\Binn\;C:\Program Files\Microsoft SQL Server\120\Tools\Binn\;C:\Program Files (x86)\Microsoft SQL Server\120\DTS\Binn\;C:\Program Files\Microsoft SQL Server\120\DTS\Binn\;C:\Program Files\dotnet\;C:\Program Files\Microsoft SQL Server\130\Tools\Binn\;C:\Program Files\Microsoft SQL Server\Client SDK\ODBC\170\Tools\Binn\;C:\Program Files (x86)\GitExtensions\;C:\Users\MaksimovA\AppData\Local\Microsoft\WindowsApps;C:\Users\MaksimovA\AppData\Local\Programs\Microsoft VS Code\bin;C:\MYSource\id\IntelliJ IDEA Community Edition 2020.2.1\bin;C:\Users\MaksimovA\AppData\Local\Programs\Git\cmd
USERNAME=MaksimovA
OS=Windows_NT
PROCESSOR_IDENTIFIER=Intel64 Family 6 Model 142 Stepping 10, GenuineIntel



---------------  S Y S T E M  ---------------

OS: Windows 10.0 , 64 bit Build 17134 (10.0.17134.1425)

CPU:total 4 (initial active 4) (2 cores per cpu, 2 threads per core) family 6 model 142 stepping 10, cmov, cx8, fxsr, mmx, sse, sse2, sse3, ssse3, sse4.1, sse4.2, popcnt, avx, avx2, aes, clmul, erms, 3dnowpref, lzcnt, ht, tsc, tscinvbit, bmi1, bmi2, adx

Memory: 4k page, physical 8228036k(497796k free), swap 33393860k(1984k free)

vm_info: Java HotSpot(TM) 64-Bit Server VM (25.151-b12) for windows-amd64 JRE (1.8.0_151-b12), built on Sep  5 2017 19:33:46 by "java_re" with MS VC++ 10.0 (VS2010)

time: Thu Jun 03 20:25:33 2021
elapsed time: 12 seconds (0d 0h 0m 12s)

