#
# There is insufficient memory for the Java Runtime Environment to continue.
# Native memory allocation (malloc) failed to allocate 572576 bytes for Chunk::new
# Possible reasons:
#   The system is out of physical RAM or swap space
#   In 32 bit mode, the process size limit was hit
# Possible solutions:
#   Reduce memory load on the system
#   Increase physical memory or swap space
#   Check if swap backing store is full
#   Use 64 bit Java on a 64 bit OS
#   Decrease Java heap size (-Xmx/-Xms)
#   Decrease number of Java threads
#   Decrease Java thread stack sizes (-Xss)
#   Set larger code cache with -XX:ReservedCodeCacheSize=
# This output file may be truncated or incomplete.
#
#  Out of Memory Error (allocation.cpp:390), pid=11288, tid=0x00000000000054f4
#
# JRE version: Java(TM) SE Runtime Environment (8.0_151-b12) (build 1.8.0_151-b12)
# Java VM: Java HotSpot(TM) 64-Bit Server VM (25.151-b12 mixed mode windows-amd64 compressed oops)
# Failed to write core dump. Minidumps are not enabled by default on client versions of Windows
#

---------------  T H R E A D  ---------------

Current thread (0x0000000019b28800):  JavaThread "C2 CompilerThread1" daemon [_thread_in_native, id=21748, stack(0x000000001a310000,0x000000001a410000)]

Stack: [0x000000001a310000,0x000000001a410000]
[error occurred during error reporting (printing stack bounds), id 0xc0000005]

Native frames: (J=compiled Java code, j=interpreted, Vv=VM code, C=native code)


Current CompileTask:
C2:  26466 4132       4       org.springframework.beans.factory.support.AbstractBeanFactory::isTypeMatch (607 bytes)


---------------  P R O C E S S  ---------------

Java Threads: ( => current thread )
  0x000000001ae6e000 JavaThread "HikariPool-1 connection adder" daemon [_thread_blocked, id=21288, stack(0x0000000021cd0000,0x0000000021dd0000)]
  0x000000001ae6d800 JavaThread "HikariPool-1 housekeeper" daemon [_thread_blocked, id=13092, stack(0x0000000021bd0000,0x0000000021cd0000)]
  0x000000001ae6c800 JavaThread "mysql-cj-abandoned-connection-cleanup" daemon [_thread_blocked, id=23400, stack(0x00000000217d0000,0x00000000218d0000)]
  0x000000001d41b800 JavaThread "container-0" [_thread_blocked, id=26288, stack(0x00000000216d0000,0x00000000217d0000)]
  0x000000001e2b9800 JavaThread "Catalina-utility-2" [_thread_blocked, id=24760, stack(0x0000000020600000,0x0000000020700000)]
  0x0000000019ee7800 JavaThread "Catalina-utility-1" [_thread_blocked, id=30092, stack(0x0000000020500000,0x0000000020600000)]
  0x000000001a02a000 JavaThread "restartedMain" [_thread_in_vm, id=18920, stack(0x000000001b920000,0x000000001ba20000)]
  0x000000001a028800 JavaThread "Thread-0" [_thread_blocked, id=18552, stack(0x000000001b820000,0x000000001b920000)]
  0x0000000019b78000 JavaThread "Service Thread" daemon [_thread_blocked, id=27504, stack(0x000000001a510000,0x000000001a610000)]
  0x0000000019b43000 JavaThread "C1 CompilerThread2" daemon [_thread_blocked, id=32, stack(0x000000001a410000,0x000000001a510000)]
=>0x0000000019b28800 JavaThread "C2 CompilerThread1" daemon [_thread_in_native, id=21748, stack(0x000000001a310000,0x000000001a410000)]
  0x00000000198e4000 JavaThread "C2 CompilerThread0" daemon [_thread_in_native, id=28936, stack(0x0000000019a10000,0x0000000019b10000)]
  0x00000000197a7000 JavaThread "Monitor Ctrl-Break" daemon [_thread_in_native, id=27560, stack(0x0000000019910000,0x0000000019a10000)]
  0x0000000017ebd800 JavaThread "Attach Listener" daemon [_thread_blocked, id=13424, stack(0x0000000019410000,0x0000000019510000)]
  0x0000000017ebc800 JavaThread "Signal Dispatcher" daemon [_thread_blocked, id=28640, stack(0x0000000019310000,0x0000000019410000)]
  0x0000000017ea0000 JavaThread "Finalizer" daemon [_thread_blocked, id=9468, stack(0x0000000019110000,0x0000000019210000)]
  0x0000000003257000 JavaThread "Reference Handler" daemon [_thread_blocked, id=21152, stack(0x0000000019010000,0x0000000019110000)]
  0x0000000003168800 JavaThread "main" [_thread_blocked, id=13084, stack(0x0000000003060000,0x0000000003160000)]

Other Threads:
  0x0000000017e77800 VMThread [stack: 0x0000000018f10000,0x0000000019010000] [id=2680]
  0x0000000019ba8000 WatcherThread [stack: 0x000000001a610000,0x000000001a710000] [id=13072]

VM state:not at safepoint (normal execution)

VM Mutex/Monitor currently owned by a thread: None

Heap:
 PSYoungGen      total 231936K, used 176910K [0x00000000d6200000, 0x00000000e5380000, 0x0000000100000000)
  eden space 219136K, 80% used [0x00000000d6200000,0x00000000e0ec3b00,0x00000000e3800000)
  from space 12800K, 0% used [0x00000000e3a80000,0x00000000e3a80000,0x00000000e4700000)
  to   space 9728K, 0% used [0x00000000e4a00000,0x00000000e4a00000,0x00000000e5380000)
 ParOldGen       total 72192K, used 14321K [0x0000000082600000, 0x0000000086c80000, 0x00000000d6200000)
  object space 72192K, 19% used [0x0000000082600000,0x00000000833fc410,0x0000000086c80000)
 Metaspace       used 49072K, capacity 51450K, committed 51712K, reserved 1093632K
  class space    used 6665K, capacity 7117K, committed 7168K, reserved 1048576K

Card table byte_map: [0x00000000127c0000,0x0000000012bb0000] byte_map_base: 0x00000000123ad000

Marking Bits: (ParMarkBitMap*) 0x000000005eabd850
 Begin Bits: [0x0000000013250000, 0x00000000151b8000)
 End Bits:   [0x00000000151b8000, 0x0000000017120000)

Polling page: 0x0000000001230000

CodeCache: size=245760Kb used=14276Kb max_used=14276Kb free=231483Kb
 bounds [0x0000000003400000, 0x0000000004200000, 0x0000000012400000]
 total_blobs=4312 nmethods=3811 adapters=412
 compilation: enabled

Compilation events (10 events):
Event: 25.867 Thread 0x0000000019b43000 4142       3       sun.reflect.generics.repository.AbstractRepository::<init> (19 bytes)
Event: 25.867 Thread 0x0000000019b43000 nmethod 4142 0x00000000041d1b90 code [0x00000000041d1d00, 0x00000000041d1fa8]
Event: 25.869 Thread 0x0000000019b43000 4143       3       org.springframework.util.ClassUtils::findMethodCandidatesByName (68 bytes)
Event: 25.870 Thread 0x0000000019b43000 nmethod 4143 0x00000000041dda50 code [0x00000000041ddc80, 0x00000000041de728]
Event: 25.898 Thread 0x0000000019b43000 4145       3       org.springframework.asm.ClassReader::readShort (27 bytes)
Event: 25.898 Thread 0x0000000019b43000 nmethod 4145 0x00000000041d1790 code [0x00000000041d18e0, 0x00000000041d1a90]
Event: 25.898 Thread 0x0000000019b43000 4146       3       org.springframework.core.convert.support.GenericConversionService$Converters::addInterfacesToClassHierarchy (51 bytes)
Event: 25.899 Thread 0x0000000019b43000 nmethod 4146 0x00000000041d09d0 code [0x00000000041d0ba0, 0x00000000041d1368]
Event: 25.899 Thread 0x0000000019b43000 4147       3       java.util.ArrayList::add (54 bytes)
Event: 25.900 Thread 0x0000000019b43000 nmethod 4147 0x00000000041ded10 code [0x00000000041def00, 0x00000000041df738]

GC Heap History (10 events):
Event: 9.539 GC heap before
{Heap before GC invocations=7 (full 1):
 PSYoungGen      total 141312K, used 6480K [0x00000000d6200000, 0x00000000df600000, 0x0000000100000000)
  eden space 131072K, 0% used [0x00000000d6200000,0x00000000d6200000,0x00000000de200000)
  from space 10240K, 63% used [0x00000000dec00000,0x00000000df254388,0x00000000df600000)
  to   space 10240K, 0% used [0x00000000de200000,0x00000000de200000,0x00000000dec00000)
 ParOldGen       total 86016K, used 5432K [0x0000000082600000, 0x0000000087a00000, 0x00000000d6200000)
  object space 86016K, 6% used [0x0000000082600000,0x0000000082b4e200,0x0000000087a00000)
 Metaspace       used 20345K, capacity 21224K, committed 21296K, reserved 1069056K
  class space    used 2540K, capacity 2777K, committed 2816K, reserved 1048576K
Event: 9.617 GC heap after
Heap after GC invocations=7 (full 1):
 PSYoungGen      total 141312K, used 0K [0x00000000d6200000, 0x00000000df600000, 0x0000000100000000)
  eden space 131072K, 0% used [0x00000000d6200000,0x00000000d6200000,0x00000000de200000)
  from space 10240K, 0% used [0x00000000dec00000,0x00000000dec00000,0x00000000df600000)
  to   space 10240K, 0% used [0x00000000de200000,0x00000000de200000,0x00000000dec00000)
 ParOldGen       total 51200K, used 6476K [0x0000000082600000, 0x0000000085800000, 0x00000000d6200000)
  object space 51200K, 12% used [0x0000000082600000,0x0000000082c53288,0x0000000085800000)
 Metaspace       used 20345K, capacity 21224K, committed 21296K, reserved 1069056K
  class space    used 2540K, capacity 2777K, committed 2816K, reserved 1048576K
}
Event: 14.905 GC heap before
{Heap before GC invocations=8 (full 1):
 PSYoungGen      total 141312K, used 131072K [0x00000000d6200000, 0x00000000df600000, 0x0000000100000000)
  eden space 131072K, 100% used [0x00000000d6200000,0x00000000de200000,0x00000000de200000)
  from space 10240K, 0% used [0x00000000dec00000,0x00000000dec00000,0x00000000df600000)
  to   space 10240K, 0% used [0x00000000de200000,0x00000000de200000,0x00000000dec00000)
 ParOldGen       total 51200K, used 6476K [0x0000000082600000, 0x0000000085800000, 0x00000000d6200000)
  object space 51200K, 12% used [0x0000000082600000,0x0000000082c53288,0x0000000085800000)
 Metaspace       used 27259K, capacity 28914K, committed 29184K, reserved 1075200K
  class space    used 3494K, capacity 3827K, committed 3840K, reserved 1048576K
Event: 14.949 GC heap after
Heap after GC invocations=8 (full 1):
 PSYoungGen      total 141312K, used 10236K [0x00000000d6200000, 0x00000000e5600000, 0x0000000100000000)
  eden space 131072K, 0% used [0x00000000d6200000,0x00000000d6200000,0x00000000de200000)
  from space 10240K, 99% used [0x00000000de200000,0x00000000debff160,0x00000000dec00000)
  to   space 12288K, 0% used [0x00000000e4a00000,0x00000000e4a00000,0x00000000e5600000)
 ParOldGen       total 51200K, used 7577K [0x0000000082600000, 0x0000000085800000, 0x00000000d6200000)
  object space 51200K, 14% used [0x0000000082600000,0x0000000082d66720,0x0000000085800000)
 Metaspace       used 27259K, capacity 28914K, committed 29184K, reserved 1075200K
  class space    used 3494K, capacity 3827K, committed 3840K, reserved 1048576K
}
Event: 20.168 GC heap before
{Heap before GC invocations=9 (full 1):
 PSYoungGen      total 141312K, used 141308K [0x00000000d6200000, 0x00000000e5600000, 0x0000000100000000)
  eden space 131072K, 100% used [0x00000000d6200000,0x00000000de200000,0x00000000de200000)
  from space 10240K, 99% used [0x00000000de200000,0x00000000debff160,0x00000000dec00000)
  to   space 12288K, 0% used [0x00000000e4a00000,0x00000000e4a00000,0x00000000e5600000)
 ParOldGen       total 51200K, used 7577K [0x0000000082600000, 0x0000000085800000, 0x00000000d6200000)
  object space 51200K, 14% used [0x0000000082600000,0x0000000082d66720,0x0000000085800000)
 Metaspace       used 31302K, capacity 33392K, committed 33664K, reserved 1079296K
  class space    used 3988K, capacity 4398K, committed 4480K, reserved 1048576K
Event: 20.186 GC heap after
Heap after GC invocations=9 (full 1):
 PSYoungGen      total 228864K, used 9558K [0x00000000d6200000, 0x00000000e5380000, 0x0000000100000000)
  eden space 219136K, 0% used [0x00000000d6200000,0x00000000d6200000,0x00000000e3800000)
  from space 9728K, 98% used [0x00000000e4a00000,0x00000000e5355838,0x00000000e5380000)
  to   space 12800K, 0% used [0x00000000e3a80000,0x00000000e3a80000,0x00000000e4700000)
 ParOldGen       total 51200K, used 7585K [0x0000000082600000, 0x0000000085800000, 0x00000000d6200000)
  object space 51200K, 14% used [0x0000000082600000,0x0000000082d68720,0x0000000085800000)
 Metaspace       used 31302K, capacity 33392K, committed 33664K, reserved 1079296K
  class space    used 3988K, capacity 4398K, committed 4480K, reserved 1048576K
}
Event: 21.133 GC heap before
{Heap before GC invocations=10 (full 1):
 PSYoungGen      total 228864K, used 44437K [0x00000000d6200000, 0x00000000e5380000, 0x0000000100000000)
  eden space 219136K, 15% used [0x00000000d6200000,0x00000000d840ff10,0x00000000e3800000)
  from space 9728K, 98% used [0x00000000e4a00000,0x00000000e5355838,0x00000000e5380000)
  to   space 12800K, 0% used [0x00000000e3a80000,0x00000000e3a80000,0x00000000e4700000)
 ParOldGen       total 51200K, used 7585K [0x0000000082600000, 0x0000000085800000, 0x00000000d6200000)
  object space 51200K, 14% used [0x0000000082600000,0x0000000082d68720,0x0000000085800000)
 Metaspace       used 33252K, capacity 35374K, committed 35456K, reserved 1079296K
  class space    used 4248K, capacity 4661K, committed 4736K, reserved 1048576K
Event: 21.168 GC heap after
Heap after GC invocations=10 (full 1):
 PSYoungGen      total 231936K, used 9575K [0x00000000d6200000, 0x00000000e5380000, 0x0000000100000000)
  eden space 219136K, 0% used [0x00000000d6200000,0x00000000d6200000,0x00000000e3800000)
  from space 12800K, 74% used [0x00000000e3a80000,0x00000000e43d9c98,0x00000000e4700000)
  to   space 9728K, 0% used [0x00000000e4a00000,0x00000000e4a00000,0x00000000e5380000)
 ParOldGen       total 51200K, used 7593K [0x0000000082600000, 0x0000000085800000, 0x00000000d6200000)
  object space 51200K, 14% used [0x0000000082600000,0x0000000082d6a720,0x0000000085800000)
 Metaspace       used 33252K, capacity 35374K, committed 35456K, reserved 1079296K
  class space    used 4248K, capacity 4661K, committed 4736K, reserved 1048576K
}
Event: 21.168 GC heap before
{Heap before GC invocations=11 (full 2):
 PSYoungGen      total 231936K, used 9575K [0x00000000d6200000, 0x00000000e5380000, 0x0000000100000000)
  eden space 219136K, 0% used [0x00000000d6200000,0x00000000d6200000,0x00000000e3800000)
  from space 12800K, 74% used [0x00000000e3a80000,0x00000000e43d9c98,0x00000000e4700000)
  to   space 9728K, 0% used [0x00000000e4a00000,0x00000000e4a00000,0x00000000e5380000)
 ParOldGen       total 51200K, used 7593K [0x0000000082600000, 0x0000000085800000, 0x00000000d6200000)
  object space 51200K, 14% used [0x0000000082600000,0x0000000082d6a720,0x0000000085800000)
 Metaspace       used 33252K, capacity 35374K, committed 35456K, reserved 1079296K
  class space    used 4248K, capacity 4661K, committed 4736K, reserved 1048576K
Event: 21.315 GC heap after
Heap after GC invocations=11 (full 2):
 PSYoungGen      total 231936K, used 0K [0x00000000d6200000, 0x00000000e5380000, 0x0000000100000000)
  eden space 219136K, 0% used [0x00000000d6200000,0x00000000d6200000,0x00000000e3800000)
  from space 12800K, 0% used [0x00000000e3a80000,0x00000000e3a80000,0x00000000e4700000)
  to   space 9728K, 0% used [0x00000000e4a00000,0x00000000e4a00000,0x00000000e5380000)
 ParOldGen       total 72192K, used 14321K [0x0000000082600000, 0x0000000086c80000, 0x00000000d6200000)
  object space 72192K, 19% used [0x0000000082600000,0x00000000833fc410,0x0000000086c80000)
 Metaspace       used 33252K, capacity 35374K, committed 35456K, reserved 1079296K
  class space    used 4248K, capacity 4661K, committed 4736K, reserved 1048576K
}

Deoptimization events (10 events):
Event: 24.335 Thread 0x000000001a02a000 Uncommon trap: reason=bimorphic action=maybe_recompile pc=0x000000000410c9f8 method=java.lang.Throwable.<init>(Ljava/lang/String;Ljava/lang/Throwable;)V @ 24
Event: 24.990 Thread 0x000000001a02a000 Uncommon trap: reason=unstable_if action=reinterpret pc=0x0000000003ec3bec method=java.util.HashMap$HashIterator.<init>(Ljava/util/HashMap;)V @ 45
Event: 25.795 Thread 0x000000001a02a000 Uncommon trap: reason=unstable_if action=reinterpret pc=0x0000000003efd25c method=java.lang.ThreadLocal$ThreadLocalMap.getEntry(Ljava/lang/ThreadLocal;)Ljava/lang/ThreadLocal$ThreadLocalMap$Entry; @ 29
Event: 25.815 Thread 0x000000001a02a000 Uncommon trap: reason=class_check action=maybe_recompile pc=0x0000000003e52b68 method=org.springframework.beans.factory.support.AbstractBeanFactory.isTypeMatch(Ljava/lang/String;Lorg/springframework/core/ResolvableType;Z)Z @ 53
Event: 25.816 Thread 0x000000001a02a000 Uncommon trap: reason=class_check action=maybe_recompile pc=0x0000000003e52b68 method=org.springframework.beans.factory.support.AbstractBeanFactory.isTypeMatch(Ljava/lang/String;Lorg/springframework/core/ResolvableType;Z)Z @ 53
Event: 25.836 Thread 0x000000001a02a000 Uncommon trap: reason=unstable_if action=reinterpret pc=0x0000000003f035ac method=org.springframework.core.annotation.TypeMappedAnnotations$MergedAnnotationFinder.doWithAnnotations(Ljava/lang/Object;ILjava/lang/Object;[Ljava/lang/annotation/Annotation;)Lo
Event: 25.837 Thread 0x000000001a02a000 Uncommon trap: reason=class_check action=maybe_recompile pc=0x0000000003e52b68 method=org.springframework.beans.factory.support.AbstractBeanFactory.isTypeMatch(Ljava/lang/String;Lorg/springframework/core/ResolvableType;Z)Z @ 53
Event: 25.839 Thread 0x000000001a02a000 Uncommon trap: reason=class_check action=maybe_recompile pc=0x0000000003e52b68 method=org.springframework.beans.factory.support.AbstractBeanFactory.isTypeMatch(Ljava/lang/String;Lorg/springframework/core/ResolvableType;Z)Z @ 53
Event: 25.842 Thread 0x000000001a02a000 Uncommon trap: reason=unstable_if action=reinterpret pc=0x0000000003c78d48 method=org.springframework.beans.factory.support.AbstractAutowireCapableBeanFactory.determineTargetType(Ljava/lang/String;Lorg/springframework/beans/factory/support/RootBeanDefinit
Event: 25.852 Thread 0x000000001a02a000 Uncommon trap: reason=unstable_if action=reinterpret pc=0x0000000003ac9074 method=org.springframework.asm.ClassReader.readUtf(II[C)Ljava/lang/String; @ 41

Internal exceptions (10 events):
Event: 25.849 Thread 0x000000001a02a000 Exception <a 'java/lang/ClassNotFoundException': org/springframework/beans/factory/InitializingBeanCustomizer> (0x00000000dfe3d540) thrown at [C:\re\workspace\8-2-build-windows-amd64-cygwin\jdk8u151\9699\hotspot\src\share\vm\classfile\systemDictionary.cpp
Event: 25.855 Thread 0x000000001a02a000 Exception <a 'java/lang/ClassNotFoundException': java/lang/ObjectCustomizer> (0x00000000dfe764e0) thrown at [C:\re\workspace\8-2-build-windows-amd64-cygwin\jdk8u151\9699\hotspot\src\share\vm\classfile\systemDictionary.cpp, line 210]
Event: 25.856 Thread 0x000000001a02a000 Exception <a 'java/lang/ClassNotFoundException': org/springframework/data/repository/core/support/PropertiesBasedNamedQueriesCustomizer> (0x00000000dfe9e220) thrown at [C:\re\workspace\8-2-build-windows-amd64-cygwin\jdk8u151\9699\hotspot\src\share\vm\clas
Event: 25.858 Thread 0x000000001a02a000 Exception <a 'java/lang/ClassNotFoundException': org/springframework/data/repository/core/NamedQueriesCustomizer> (0x00000000dfebe5e8) thrown at [C:\re\workspace\8-2-build-windows-amd64-cygwin\jdk8u151\9699\hotspot\src\share\vm\classfile\systemDictionary.
Event: 25.865 Thread 0x000000001a02a000 Exception <a 'java/lang/ClassNotFoundException': java/lang/ObjectCustomizer> (0x00000000dff21d78) thrown at [C:\re\workspace\8-2-build-windows-amd64-cygwin\jdk8u151\9699\hotspot\src\share\vm\classfile\systemDictionary.cpp, line 210]
Event: 25.866 Thread 0x000000001a02a000 Exception <a 'java/lang/ClassNotFoundException': org/springframework/data/repository/core/support/RepositoryFragmentsFactoryBeanCustomizer> (0x00000000dff4a860) thrown at [C:\re\workspace\8-2-build-windows-amd64-cygwin\jdk8u151\9699\hotspot\src\share\vm\c
Event: 25.870 Thread 0x000000001a02a000 Exception <a 'java/lang/ClassNotFoundException': org/springframework/beans/factory/FactoryBeanCustomizer> (0x00000000dff8cdc0) thrown at [C:\re\workspace\8-2-build-windows-amd64-cygwin\jdk8u151\9699\hotspot\src\share\vm\classfile\systemDictionary.cpp, lin
Event: 25.871 Thread 0x000000001a02a000 Exception <a 'java/lang/ClassNotFoundException': org/springframework/beans/factory/BeanFactoryAwareCustomizer> (0x00000000dffad360) thrown at [C:\re\workspace\8-2-build-windows-amd64-cygwin\jdk8u151\9699\hotspot\src\share\vm\classfile\systemDictionary.cpp
Event: 25.872 Thread 0x000000001a02a000 Exception <a 'java/lang/ClassNotFoundException': org/springframework/beans/factory/AwareCustomizer> (0x00000000dffc77d0) thrown at [C:\re\workspace\8-2-build-windows-amd64-cygwin\jdk8u151\9699\hotspot\src\share\vm\classfile\systemDictionary.cpp, line 210]
Event: 25.873 Thread 0x000000001a02a000 Exception <a 'java/lang/ClassNotFoundException': org/springframework/beans/factory/InitializingBeanCustomizer> (0x00000000dffe3f50) thrown at [C:\re\workspace\8-2-build-windows-amd64-cygwin\jdk8u151\9699\hotspot\src\share\vm\classfile\systemDictionary.cpp

Events (10 events):
Event: 25.914 loading class org/hibernate/SQLQuery
Event: 25.914 loading class org/hibernate/SQLQuery done
Event: 25.915 loading class org/hibernate/SynchronizeableQuery
Event: 25.915 loading class org/hibernate/SynchronizeableQuery done
Event: 25.916 loading class org/hibernate/query/NativeQuery
Event: 25.916 loading class org/hibernate/query/NativeQuery done
Event: 25.919 loading class org/hibernate/graph/RootGraph
Event: 25.919 loading class org/hibernate/graph/RootGraph done
Event: 25.920 loading class org/hibernate/MultiIdentifierLoadAccess
Event: 25.920 loading class org/hibernate/MultiIdentifierLoadAccess done


Dynamic libraries:
0x00007ff7e5fe0000 - 0x00007ff7e6017000 	C:\Program Files\Java\jdk1.8.0_151\bin\java.exe
0x00007ffccf420000 - 0x00007ffccf601000 	C:\WINDOWS\SYSTEM32\ntdll.dll
0x00007ffccc890000 - 0x00007ffccc941000 	C:\WINDOWS\System32\KERNEL32.DLL
0x00007ffccc570000 - 0x00007ffccc7e3000 	C:\WINDOWS\System32\KERNELBASE.dll
0x00007ffcc9390000 - 0x00007ffcc941b000 	C:\WINDOWS\SYSTEM32\apphelp.dll
0x000000005fd70000 - 0x000000005fe1e000 	C:\WINDOWS\System32\SYSFER.DLL
0x00007ffccf1f0000 - 0x00007ffccf291000 	C:\WINDOWS\System32\ADVAPI32.dll
0x00007ffccf000000 - 0x00007ffccf09e000 	C:\WINDOWS\System32\msvcrt.dll
0x00007ffcce2d0000 - 0x00007ffcce32b000 	C:\WINDOWS\System32\sechost.dll
0x00007ffccedc0000 - 0x00007ffcceee4000 	C:\WINDOWS\System32\RPCRT4.dll
0x00007ffcce130000 - 0x00007ffcce2c1000 	C:\WINDOWS\System32\USER32.dll
0x00007ffccc170000 - 0x00007ffccc190000 	C:\WINDOWS\System32\win32u.dll
0x00007ffcce4c0000 - 0x00007ffcce4e8000 	C:\WINDOWS\System32\GDI32.dll
0x00007ffccc3d0000 - 0x00007ffccc563000 	C:\WINDOWS\System32\gdi32full.dll
0x00007ffccc7f0000 - 0x00007ffccc88f000 	C:\WINDOWS\System32\msvcp_win.dll
0x00007ffccc070000 - 0x00007ffccc168000 	C:\WINDOWS\System32\ucrtbase.dll
0x00007ffcaf210000 - 0x00007ffcaf479000 	C:\WINDOWS\WinSxS\amd64_microsoft.windows.common-controls_6595b64144ccf1df_6.0.17134.1902_none_d3fc12d37c93a894\COMCTL32.dll
0x00007ffccc950000 - 0x00007ffcccc71000 	C:\WINDOWS\System32\combase.dll
0x00007ffccb7c0000 - 0x00007ffccb839000 	C:\WINDOWS\System32\bcryptPrimitives.dll
0x00007ffccf0a0000 - 0x00007ffccf0cd000 	C:\WINDOWS\System32\IMM32.DLL
0x000000005eb40000 - 0x000000005ec12000 	C:\Program Files\Java\jdk1.8.0_151\jre\bin\msvcr100.dll
0x000000005e2a0000 - 0x000000005eb3d000 	C:\Program Files\Java\jdk1.8.0_151\jre\bin\server\jvm.dll
0x00007ffccf1c0000 - 0x00007ffccf1c8000 	C:\WINDOWS\System32\PSAPI.DLL
0x00007ffcb3250000 - 0x00007ffcb3259000 	C:\WINDOWS\SYSTEM32\WSOCK32.dll
0x00007ffcce330000 - 0x00007ffcce39c000 	C:\WINDOWS\System32\WS2_32.dll
0x00007ffcc9470000 - 0x00007ffcc9493000 	C:\WINDOWS\SYSTEM32\WINMM.dll
0x00007ffcbb3e0000 - 0x00007ffcbb3ea000 	C:\WINDOWS\SYSTEM32\VERSION.dll
0x00007ffcc9440000 - 0x00007ffcc946a000 	C:\WINDOWS\SYSTEM32\WINMMBASE.dll
0x00007ffccc190000 - 0x00007ffccc1d9000 	C:\WINDOWS\System32\cfgmgr32.dll
0x000000005e290000 - 0x000000005e29f000 	C:\Program Files\Java\jdk1.8.0_151\jre\bin\verify.dll
0x000000005e260000 - 0x000000005e289000 	C:\Program Files\Java\jdk1.8.0_151\jre\bin\java.dll
0x000000005e1c0000 - 0x000000005e1e3000 	C:\Program Files\Java\jdk1.8.0_151\jre\bin\instrument.dll
0x000000005e240000 - 0x000000005e256000 	C:\Program Files\Java\jdk1.8.0_151\jre\bin\zip.dll
0x00007ffcccce0000 - 0x00007ffcce125000 	C:\WINDOWS\System32\SHELL32.dll
0x00007ffcce3a0000 - 0x00007ffcce449000 	C:\WINDOWS\System32\shcore.dll
0x00007ffccb950000 - 0x00007ffccc065000 	C:\WINDOWS\System32\windows.storage.dll
0x00007ffcccc80000 - 0x00007ffccccd1000 	C:\WINDOWS\System32\shlwapi.dll
0x00007ffccb780000 - 0x00007ffccb791000 	C:\WINDOWS\System32\kernel.appcore.dll
0x00007ffccb750000 - 0x00007ffccb76f000 	C:\WINDOWS\System32\profapi.dll
0x00007ffccb700000 - 0x00007ffccb74c000 	C:\WINDOWS\System32\powrprof.dll
0x00007ffccb770000 - 0x00007ffccb77a000 	C:\WINDOWS\System32\FLTLIB.DLL
0x00007ffcb4300000 - 0x00007ffcb431a000 	C:\MYSource\id\IntelliJ IDEA Community Edition 2020.2.1\bin\breakgen64.dll
0x000000005e220000 - 0x000000005e23a000 	C:\Program Files\Java\jdk1.8.0_151\jre\bin\net.dll
0x00007ffccaf80000 - 0x00007ffccafe6000 	C:\WINDOWS\system32\mswsock.dll
0x000000005e1f0000 - 0x000000005e1fd000 	C:\Program Files\Java\jdk1.8.0_151\jre\bin\management.dll
0x00007ffca8a50000 - 0x00007ffca8a66000 	C:\WINDOWS\system32\napinsp.dll
0x00007ffca8a70000 - 0x00007ffca8a8a000 	C:\WINDOWS\system32\pnrpnsp.dll
0x00007ffcc73b0000 - 0x00007ffcc73c9000 	C:\WINDOWS\system32\NLAapi.dll
0x00007ffccad20000 - 0x00007ffccadde000 	C:\WINDOWS\SYSTEM32\DNSAPI.dll
0x00007ffccef50000 - 0x00007ffccef58000 	C:\WINDOWS\System32\NSI.dll
0x00007ffccacd0000 - 0x00007ffccad08000 	C:\WINDOWS\SYSTEM32\IPHLPAPI.DLL
0x00007ffca8b10000 - 0x00007ffca8b1e000 	C:\WINDOWS\System32\winrnr.dll
0x00007ffcbb6e0000 - 0x00007ffcbb6f5000 	C:\WINDOWS\System32\wshbth.dll
0x00007ffcb8600000 - 0x00007ffcb860a000 	C:\Windows\System32\rasadhlp.dll
0x00007ffcc2ab0000 - 0x00007ffcc2b22000 	C:\WINDOWS\System32\fwpuclnt.dll
0x00007ffccb260000 - 0x00007ffccb285000 	C:\WINDOWS\SYSTEM32\bcrypt.dll
0x000000005e200000 - 0x000000005e211000 	C:\Program Files\Java\jdk1.8.0_151\jre\bin\nio.dll
0x00007ffccb130000 - 0x00007ffccb147000 	C:\WINDOWS\SYSTEM32\CRYPTSP.dll
0x00007ffcca900000 - 0x00007ffcca933000 	C:\WINDOWS\system32\rsaenh.dll
0x00007ffccb600000 - 0x00007ffccb628000 	C:\WINDOWS\SYSTEM32\USERENV.dll
0x00007ffccb150000 - 0x00007ffccb15b000 	C:\WINDOWS\SYSTEM32\CRYPTBASE.dll
0x00007ffcbd280000 - 0x00007ffcbd296000 	C:\WINDOWS\SYSTEM32\dhcpcsvc6.DLL
0x00007ffcbd060000 - 0x00007ffcbd07a000 	C:\WINDOWS\SYSTEM32\dhcpcsvc.DLL
0x000000005e190000 - 0x000000005e1b4000 	C:\Program Files\Java\jdk1.8.0_151\jre\bin\sunec.dll
0x000000005e180000 - 0x000000005e18b000 	C:\Program Files\Java\jdk1.8.0_151\jre\bin\sunmscapi.dll
0x00007ffccc1e0000 - 0x00007ffccc3c2000 	C:\WINDOWS\System32\CRYPT32.dll
0x00007ffccb7a0000 - 0x00007ffccb7b2000 	C:\WINDOWS\System32\MSASN1.dll

VM Arguments:
jvm_args: -javaagent:C:\MYSource\id\IntelliJ IDEA Community Edition 2020.2.1\lib\idea_rt.jar=52035:C:\MYSource\id\IntelliJ IDEA Community Edition 2020.2.1\bin -Dfile.encoding=UTF-8 
java_command: ru.dashboard.backenddashboard.BackendDashboardApplication
java_class_path (initial): C:\Program Files\Java\jdk1.8.0_151\jre\lib\charsets.jar;C:\Program Files\Java\jdk1.8.0_151\jre\lib\deploy.jar;C:\Program Files\Java\jdk1.8.0_151\jre\lib\ext\access-bridge-64.jar;C:\Program Files\Java\jdk1.8.0_151\jre\lib\ext\cldrdata.jar;C:\Program Files\Java\jdk1.8.0_151\jre\lib\ext\dnsns.jar;C:\Program Files\Java\jdk1.8.0_151\jre\lib\ext\jaccess.jar;C:\Program Files\Java\jdk1.8.0_151\jre\lib\ext\jfxrt.jar;C:\Program Files\Java\jdk1.8.0_151\jre\lib\ext\localedata.jar;C:\Program Files\Java\jdk1.8.0_151\jre\lib\ext\nashorn.jar;C:\Program Files\Java\jdk1.8.0_151\jre\lib\ext\sunec.jar;C:\Program Files\Java\jdk1.8.0_151\jre\lib\ext\sunjce_provider.jar;C:\Program Files\Java\jdk1.8.0_151\jre\lib\ext\sunmscapi.jar;C:\Program Files\Java\jdk1.8.0_151\jre\lib\ext\sunpkcs11.jar;C:\Program Files\Java\jdk1.8.0_151\jre\lib\ext\zipfs.jar;C:\Program Files\Java\jdk1.8.0_151\jre\lib\javaws.jar;C:\Program Files\Java\jdk1.8.0_151\jre\lib\jce.jar;C:\Program Files\Java\jdk1.8.0_151\jre\lib\jfr.jar;C:\Program Files\Java\jdk1.8.0_151\jre\lib\jfxswt.jar;C:\Program Files\Java\jdk1.8.0_151\jre\lib\jsse.jar;C:\Program Files\Java\jdk1.8.0_151\jre\lib\management-agent.jar;C:\Program Files\Java\jdk1.8.0_151\jre\lib\plugin.jar;C:\Program Files\Java\jdk1.8.0_151\jre\lib\resources.jar;C:\Program Files\Java\jdk1.8.0_151\jre\lib\rt.jar;C:\MYSource\id\backend-dashboard\build\classes\java\main;C:\MYSource\id\backend-dashboard\build\resources\main;C:\Users\MaksimovA\.gradle\caches\modules-2\files-2.1\org.postgresql\postgresql\42.1.4\1c7788d16b67d51f2f38ae99e474ece968bf715a\postgresql-42.1.4.jar;C:\Users\MaksimovA\.gradle\caches\modules-2\files-2.1\org.springframework.boot\spring-boot-starter-data-jpa\2.4.3\356d18d4bb10915f3d13c845fc38b5c068f2e075\spring-boot-starter-data-jpa-2.4.3.jar;C:\Users\MaksimovA\.gradle\caches\modules-2\files-2.1\org.springframework.boot\spring-boot-starter-data-rest\2.4.3\58ebc51b732632e0d2e666bdd6a6032936333b43\spring-boot-starter-data-rest-2.4.3.ja
Launcher Type: SUN_STANDARD

Environment Variables:
PATH=C:\Program Files (x86)\Common Files\Oracle\Java\javapath;C:\ProgramData\Oracle\Java\javapath;C:\Program Files (x86)\RSA SecurID Token Common;C:\Program Files\RSA SecurID Token Common;C:\WINDOWS\system32;C:\WINDOWS;C:\WINDOWS\System32\Wbem;C:\WINDOWS\System32\WindowsPowerShell\v1.0\;C:\Program Files\OpenVPN\bin;C:\_utils\SysinternalsSuite;C:\_utils\_UnixUtils\usr\local\wbin;;C:\WINDOWS\System32\OpenSSH\;C:\Program Files\Intel\WiFi\bin\;C:\Program Files\Common Files\Intel\WirelessCommon\;C:\Program Files\nodejs\;C:\Program Files (x86)\PuTTY\;C:\Program Files\Microsoft SQL Server\Client SDK\ODBC\110\Tools\Binn\;C:\Program Files (x86)\Microsoft SQL Server\120\Tools\Binn\ManagementStudio\;C:\Program Files (x86)\Microsoft SQL Server\120\Tools\Binn\;C:\Program Files\Microsoft SQL Server\120\Tools\Binn\;C:\Program Files (x86)\Microsoft SQL Server\120\DTS\Binn\;C:\Program Files\Microsoft SQL Server\120\DTS\Binn\;C:\Program Files\dotnet\;C:\Program Files\Microsoft SQL Server\130\Tools\Binn\;C:\Program Files\Microsoft SQL Server\Client SDK\ODBC\170\Tools\Binn\;C:\Program Files (x86)\GitExtensions\;C:\Users\MaksimovA\AppData\Local\Microsoft\WindowsApps;C:\Users\MaksimovA\AppData\Local\Programs\Microsoft VS Code\bin;C:\MYSource\id\IntelliJ IDEA Community Edition 2020.2.1\bin;C:\Users\MaksimovA\AppData\Local\Programs\Git\cmd
USERNAME=MaksimovA
OS=Windows_NT
PROCESSOR_IDENTIFIER=Intel64 Family 6 Model 142 Stepping 10, GenuineIntel



---------------  S Y S T E M  ---------------

OS: Windows 10.0 , 64 bit Build 17134 (10.0.17134.1425)

CPU:total 4 (initial active 4) (2 cores per cpu, 2 threads per core) family 6 model 142 stepping 10, cmov, cx8, fxsr, mmx, sse, sse2, sse3, ssse3, sse4.1, sse4.2, popcnt, avx, avx2, aes, clmul, erms, 3dnowpref, lzcnt, ht, tsc, tscinvbit, bmi1, bmi2, adx

Memory: 4k page, physical 8228036k(876432k free), swap 33393860k(5876k free)

vm_info: Java HotSpot(TM) 64-Bit Server VM (25.151-b12) for windows-amd64 JRE (1.8.0_151-b12), built on Sep  5 2017 19:33:46 by "java_re" with MS VC++ 10.0 (VS2010)

time: Thu Jun 03 20:24:55 2021
elapsed time: 26 seconds (0d 0h 0m 26s)

