#
# There is insufficient memory for the Java Runtime Environment to continue.
# Native memory allocation (malloc) failed to allocate 1550992 bytes for Chunk::new
# Possible reasons:
#   The system is out of physical RAM or swap space
#   In 32 bit mode, the process size limit was hit
# Possible solutions:
#   Reduce memory load on the system
#   Increase physical memory or swap space
#   Check if swap backing store is full
#   Use 64 bit Java on a 64 bit OS
#   Decrease Java heap size (-Xmx/-Xms)
#   Decrease number of Java threads
#   Decrease Java thread stack sizes (-Xss)
#   Set larger code cache with -XX:ReservedCodeCacheSize=
# This output file may be truncated or incomplete.
#
#  Out of Memory Error (allocation.cpp:390), pid=14680, tid=0x0000000000003120
#
# JRE version: Java(TM) SE Runtime Environment (8.0_151-b12) (build 1.8.0_151-b12)
# Java VM: Java HotSpot(TM) 64-Bit Server VM (25.151-b12 mixed mode windows-amd64 compressed oops)
# Failed to write core dump. Minidumps are not enabled by default on client versions of Windows
#

---------------  T H R E A D  ---------------

Current thread (0x0000000017f28800):  JavaThread "C2 CompilerThread0" daemon [_thread_in_native, id=12576, stack(0x0000000019580000,0x0000000019680000)]

Stack: [0x0000000019580000,0x0000000019680000]
[error occurred during error reporting (printing stack bounds), id 0xc0000005]

Native frames: (J=compiled Java code, j=interpreted, Vv=VM code, C=native code)


Current CompileTask:
C2:   9212 3801       4       java.net.URLClassLoader$1::run (5 bytes)


---------------  P R O C E S S  ---------------

Java Threads: ( => current thread )
  0x000000001a17f000 JavaThread "HikariPool-1 connection adder" daemon [_thread_blocked, id=19068, stack(0x0000000020f90000,0x0000000021090000)]
  0x000000001a182000 JavaThread "HikariPool-1 housekeeper" daemon [_thread_blocked, id=13540, stack(0x0000000020e90000,0x0000000020f90000)]
  0x000000001ca9f000 JavaThread "mysql-cj-abandoned-connection-cleanup" daemon [_thread_blocked, id=10592, stack(0x00000000204a0000,0x00000000205a0000)]
  0x000000001b786800 JavaThread "container-0" [_thread_blocked, id=20112, stack(0x00000000203a0000,0x00000000204a0000)]
  0x000000001b619800 JavaThread "Catalina-utility-2" [_thread_blocked, id=20940, stack(0x00000000202a0000,0x00000000203a0000)]
  0x000000001cadd800 JavaThread "Catalina-utility-1" [_thread_blocked, id=8092, stack(0x00000000201a0000,0x00000000202a0000)]
  0x000000001a7cb800 JavaThread "restartedMain" [_thread_in_vm, id=5364, stack(0x000000001b890000,0x000000001b990000)]
  0x000000001a479000 JavaThread "Thread-0" [_thread_blocked, id=28800, stack(0x000000001b790000,0x000000001b890000)]
  0x00000000198b8800 JavaThread "Service Thread" daemon [_thread_blocked, id=14420, stack(0x0000000019c80000,0x0000000019d80000)]
  0x0000000017f38800 JavaThread "C1 CompilerThread2" daemon [_thread_blocked, id=16168, stack(0x0000000019780000,0x0000000019880000)]
  0x0000000017f2b000 JavaThread "C2 CompilerThread1" daemon [_thread_in_native, id=26340, stack(0x0000000019680000,0x0000000019780000)]
=>0x0000000017f28800 JavaThread "C2 CompilerThread0" daemon [_thread_in_native, id=12576, stack(0x0000000019580000,0x0000000019680000)]
  0x0000000017f26000 JavaThread "Attach Listener" daemon [_thread_blocked, id=17160, stack(0x0000000019480000,0x0000000019580000)]
  0x0000000017f25000 JavaThread "Signal Dispatcher" daemon [_thread_blocked, id=20612, stack(0x0000000019380000,0x0000000019480000)]
  0x0000000017f10000 JavaThread "Finalizer" daemon [_thread_blocked, id=16932, stack(0x0000000019180000,0x0000000019280000)]
  0x0000000017ee9000 JavaThread "Reference Handler" daemon [_thread_blocked, id=7784, stack(0x0000000019080000,0x0000000019180000)]
  0x0000000003377000 JavaThread "main" [_thread_blocked, id=25880, stack(0x0000000003170000,0x0000000003270000)]

Other Threads:
  0x0000000017ee7000 VMThread [stack: 0x0000000018f80000,0x0000000019080000] [id=18920]
  0x000000001991a800 WatcherThread [stack: 0x0000000019d80000,0x0000000019e80000] [id=15048]

VM state:not at safepoint (normal execution)

VM Mutex/Monitor currently owned by a thread: None

Heap:
 PSYoungGen      total 227840K, used 126639K [0x00000000d6200000, 0x00000000e4f80000, 0x0000000100000000)
  eden space 215552K, 58% used [0x00000000d6200000,0x00000000dddabc28,0x00000000e3480000)
  from space 12288K, 0% used [0x00000000e4380000,0x00000000e4380000,0x00000000e4f80000)
  to   space 13824K, 0% used [0x00000000e3480000,0x00000000e3480000,0x00000000e4200000)
 ParOldGen       total 81408K, used 15745K [0x0000000082600000, 0x0000000087580000, 0x00000000d6200000)
  object space 81408K, 19% used [0x0000000082600000,0x0000000083560768,0x0000000087580000)
 Metaspace       used 47614K, capacity 49948K, committed 50264K, reserved 1093632K
  class space    used 6503K, capacity 6972K, committed 7000K, reserved 1048576K

Card table byte_map: [0x0000000012830000,0x0000000012c20000] byte_map_base: 0x000000001241d000

Marking Bits: (ParMarkBitMap*) 0x000000005eabd850
 Begin Bits: [0x00000000132c0000, 0x0000000015228000)
 End Bits:   [0x0000000015228000, 0x0000000017190000)

Polling page: 0x00000000012e0000

CodeCache: size=245760Kb used=14488Kb max_used=14488Kb free=231271Kb
 bounds [0x0000000003470000, 0x00000000042a0000, 0x0000000012470000]
 total_blobs=4459 nmethods=3961 adapters=409
 compilation: enabled

Compilation events (10 events):
Event: 9.119 Thread 0x0000000017f38800 4021       3       java.lang.Character::isDigit (15 bytes)
Event: 9.119 Thread 0x0000000017f38800 nmethod 4021 0x000000000429ac10 code [0x000000000429ada0, 0x000000000429b098]
Event: 9.136 Thread 0x0000000017f38800 4023       1       org.hibernate.tuple.AbstractAttribute::getType (5 bytes)
Event: 9.136 Thread 0x0000000017f38800 nmethod 4023 0x000000000429b1d0 code [0x000000000429b320, 0x000000000429b430]
Event: 9.140 Thread 0x0000000017f38800 4024       1       org.hibernate.type.AbstractStandardBasicType::isComponentType (2 bytes)
Event: 9.140 Thread 0x0000000017f38800 nmethod 4024 0x000000000429b490 code [0x000000000429b5e0, 0x000000000429b6f0]
Event: 9.140 Thread 0x0000000017f38800 4025       1       org.hibernate.engine.jdbc.env.internal.JdbcEnvironmentImpl::getDialect (5 bytes)
Event: 9.140 Thread 0x0000000017f38800 nmethod 4025 0x000000000429b750 code [0x000000000429b8a0, 0x000000000429b9b0]
Event: 9.157 Thread 0x0000000017f38800 4026       3       org.jboss.logging.Logger::join (112 bytes)
Event: 9.159 Thread 0x0000000017f38800 nmethod 4026 0x000000000429ba10 code [0x000000000429bda0, 0x000000000429dff8]

GC Heap History (10 events):
Event: 2.160 GC heap before
{Heap before GC invocations=6 (full 0):
 PSYoungGen      total 70656K, used 12136K [0x00000000d6200000, 0x00000000df600000, 0x0000000100000000)
  eden space 65536K, 10% used [0x00000000d6200000,0x00000000d68da8b8,0x00000000da200000)
  from space 5120K, 99% used [0x00000000da200000,0x00000000da6ffa98,0x00000000da700000)
  to   space 10240K, 0% used [0x00000000dec00000,0x00000000dec00000,0x00000000df600000)
 ParOldGen       total 86016K, used 6167K [0x0000000082600000, 0x0000000087a00000, 0x00000000d6200000)
  object space 86016K, 7% used [0x0000000082600000,0x0000000082c05c30,0x0000000087a00000)
 Metaspace       used 20211K, capacity 21196K, committed 21248K, reserved 1067008K
  class space    used 2527K, capacity 2792K, committed 2816K, reserved 1048576K
Event: 2.176 GC heap after
Heap after GC invocations=6 (full 0):
 PSYoungGen      total 139264K, used 5688K [0x00000000d6200000, 0x00000000df400000, 0x0000000100000000)
  eden space 131072K, 0% used [0x00000000d6200000,0x00000000d6200000,0x00000000de200000)
  from space 8192K, 69% used [0x00000000dec00000,0x00000000df18e0d0,0x00000000df400000)
  to   space 9216K, 0% used [0x00000000de200000,0x00000000de200000,0x00000000deb00000)
 ParOldGen       total 86016K, used 6175K [0x0000000082600000, 0x0000000087a00000, 0x00000000d6200000)
  object space 86016K, 7% used [0x0000000082600000,0x0000000082c07c30,0x0000000087a00000)
 Metaspace       used 20211K, capacity 21196K, committed 21248K, reserved 1067008K
  class space    used 2527K, capacity 2792K, committed 2816K, reserved 1048576K
}
Event: 2.177 GC heap before
{Heap before GC invocations=7 (full 1):
 PSYoungGen      total 139264K, used 5688K [0x00000000d6200000, 0x00000000df400000, 0x0000000100000000)
  eden space 131072K, 0% used [0x00000000d6200000,0x00000000d6200000,0x00000000de200000)
  from space 8192K, 69% used [0x00000000dec00000,0x00000000df18e0d0,0x00000000df400000)
  to   space 9216K, 0% used [0x00000000de200000,0x00000000de200000,0x00000000deb00000)
 ParOldGen       total 86016K, used 6175K [0x0000000082600000, 0x0000000087a00000, 0x00000000d6200000)
  object space 86016K, 7% used [0x0000000082600000,0x0000000082c07c30,0x0000000087a00000)
 Metaspace       used 20211K, capacity 21196K, committed 21248K, reserved 1067008K
  class space    used 2527K, capacity 2792K, committed 2816K, reserved 1048576K
Event: 2.213 GC heap after
Heap after GC invocations=7 (full 1):
 PSYoungGen      total 139264K, used 0K [0x00000000d6200000, 0x00000000df400000, 0x0000000100000000)
  eden space 131072K, 0% used [0x00000000d6200000,0x00000000d6200000,0x00000000de200000)
  from space 8192K, 0% used [0x00000000dec00000,0x00000000dec00000,0x00000000df400000)
  to   space 9216K, 0% used [0x00000000de200000,0x00000000de200000,0x00000000deb00000)
 ParOldGen       total 52224K, used 6000K [0x0000000082600000, 0x0000000085900000, 0x00000000d6200000)
  object space 52224K, 11% used [0x0000000082600000,0x0000000082bdc3b8,0x0000000085900000)
 Metaspace       used 20211K, capacity 21196K, committed 21248K, reserved 1067008K
  class space    used 2527K, capacity 2792K, committed 2816K, reserved 1048576K
}
Event: 5.538 GC heap before
{Heap before GC invocations=8 (full 1):
 PSYoungGen      total 139264K, used 131072K [0x00000000d6200000, 0x00000000df400000, 0x0000000100000000)
  eden space 131072K, 100% used [0x00000000d6200000,0x00000000de200000,0x00000000de200000)
  from space 8192K, 0% used [0x00000000dec00000,0x00000000dec00000,0x00000000df400000)
  to   space 9216K, 0% used [0x00000000de200000,0x00000000de200000,0x00000000deb00000)
 ParOldGen       total 52224K, used 6000K [0x0000000082600000, 0x0000000085900000, 0x00000000d6200000)
  object space 52224K, 11% used [0x0000000082600000,0x0000000082bdc3b8,0x0000000085900000)
 Metaspace       used 29107K, capacity 31114K, committed 31360K, reserved 1077248K
  class space    used 3744K, capacity 4099K, committed 4224K, reserved 1048576K
Event: 5.567 GC heap after
Heap after GC invocations=8 (full 1):
 PSYoungGen      total 140288K, used 9202K [0x00000000d6200000, 0x00000000e5000000, 0x0000000100000000)
  eden space 131072K, 0% used [0x00000000d6200000,0x00000000d6200000,0x00000000de200000)
  from space 9216K, 99% used [0x00000000de200000,0x00000000deafca70,0x00000000deb00000)
  to   space 12800K, 0% used [0x00000000e4380000,0x00000000e4380000,0x00000000e5000000)
 ParOldGen       total 52224K, used 10555K [0x0000000082600000, 0x0000000085900000, 0x00000000d6200000)
  object space 52224K, 20% used [0x0000000082600000,0x000000008304ed78,0x0000000085900000)
 Metaspace       used 29107K, capacity 31114K, committed 31360K, reserved 1077248K
  class space    used 3744K, capacity 4099K, committed 4224K, reserved 1048576K
}
Event: 6.641 GC heap before
{Heap before GC invocations=9 (full 1):
 PSYoungGen      total 140288K, used 135548K [0x00000000d6200000, 0x00000000e5000000, 0x0000000100000000)
  eden space 131072K, 96% used [0x00000000d6200000,0x00000000ddd62618,0x00000000de200000)
  from space 9216K, 99% used [0x00000000de200000,0x00000000deafca70,0x00000000deb00000)
  to   space 12800K, 0% used [0x00000000e4380000,0x00000000e4380000,0x00000000e5000000)
 ParOldGen       total 52224K, used 10555K [0x0000000082600000, 0x0000000085900000, 0x00000000d6200000)
  object space 52224K, 20% used [0x0000000082600000,0x000000008304ed78,0x0000000085900000)
 Metaspace       used 33201K, capacity 35326K, committed 35416K, reserved 1079296K
  class space    used 4240K, capacity 4631K, committed 4696K, reserved 1048576K
Event: 6.666 GC heap after
Heap after GC invocations=9 (full 1):
 PSYoungGen      total 227840K, used 11036K [0x00000000d6200000, 0x00000000e4f80000, 0x0000000100000000)
  eden space 215552K, 0% used [0x00000000d6200000,0x00000000d6200000,0x00000000e3480000)
  from space 12288K, 89% used [0x00000000e4380000,0x00000000e4e471f0,0x00000000e4f80000)
  to   space 13824K, 0% used [0x00000000e3480000,0x00000000e3480000,0x00000000e4200000)
 ParOldGen       total 52224K, used 10563K [0x0000000082600000, 0x0000000085900000, 0x00000000d6200000)
  object space 52224K, 20% used [0x0000000082600000,0x0000000083050d78,0x0000000085900000)
 Metaspace       used 33201K, capacity 35326K, committed 35416K, reserved 1079296K
  class space    used 4240K, capacity 4631K, committed 4696K, reserved 1048576K
}
Event: 6.666 GC heap before
{Heap before GC invocations=10 (full 2):
 PSYoungGen      total 227840K, used 11036K [0x00000000d6200000, 0x00000000e4f80000, 0x0000000100000000)
  eden space 215552K, 0% used [0x00000000d6200000,0x00000000d6200000,0x00000000e3480000)
  from space 12288K, 89% used [0x00000000e4380000,0x00000000e4e471f0,0x00000000e4f80000)
  to   space 13824K, 0% used [0x00000000e3480000,0x00000000e3480000,0x00000000e4200000)
 ParOldGen       total 52224K, used 10563K [0x0000000082600000, 0x0000000085900000, 0x00000000d6200000)
  object space 52224K, 20% used [0x0000000082600000,0x0000000083050d78,0x0000000085900000)
 Metaspace       used 33201K, capacity 35326K, committed 35416K, reserved 1079296K
  class space    used 4240K, capacity 4631K, committed 4696K, reserved 1048576K
Event: 6.782 GC heap after
Heap after GC invocations=10 (full 2):
 PSYoungGen      total 227840K, used 0K [0x00000000d6200000, 0x00000000e4f80000, 0x0000000100000000)
  eden space 215552K, 0% used [0x00000000d6200000,0x00000000d6200000,0x00000000e3480000)
  from space 12288K, 0% used [0x00000000e4380000,0x00000000e4380000,0x00000000e4f80000)
  to   space 13824K, 0% used [0x00000000e3480000,0x00000000e3480000,0x00000000e4200000)
 ParOldGen       total 81408K, used 15745K [0x0000000082600000, 0x0000000087580000, 0x00000000d6200000)
  object space 81408K, 19% used [0x0000000082600000,0x0000000083560768,0x0000000087580000)
 Metaspace       used 33201K, capacity 35326K, committed 35416K, reserved 1079296K
  class space    used 4240K, capacity 4631K, committed 4696K, reserved 1048576K
}

Deoptimization events (10 events):
Event: 6.896 Thread 0x000000001a7cb800 Uncommon trap: reason=unstable_if action=reinterpret pc=0x000000000378047c method=java.lang.CharacterDataLatin1.isWhitespace(I)Z @ 14
Event: 6.968 Thread 0x000000001a7cb800 Uncommon trap: reason=unstable_if action=reinterpret pc=0x000000000357f1ec method=java.security.CodeSource.getCertificates()[Ljava/security/cert/Certificate; @ 22
Event: 6.991 Thread 0x000000001a7cb800 Uncommon trap: reason=unstable_if action=reinterpret pc=0x0000000003f952d4 method=sun.misc.ASCIICaseInsensitiveComparator.compare(Ljava/lang/String;Ljava/lang/String;)I @ 83
Event: 7.062 Thread 0x000000001a7cb800 Uncommon trap: reason=unstable_if action=reinterpret pc=0x00000000037193c8 method=sun.nio.cs.UTF_8$Decoder.decode([BII[C)I @ 30
Event: 7.643 Thread 0x000000001a7cb800 Uncommon trap: reason=bimorphic action=maybe_recompile pc=0x0000000003b11364 method=java.lang.ClassLoader.loadClass(Ljava/lang/String;Z)Ljava/lang/Class; @ 70
Event: 7.645 Thread 0x000000001a7cb800 Uncommon trap: reason=bimorphic action=maybe_recompile pc=0x0000000003b11364 method=java.lang.ClassLoader.loadClass(Ljava/lang/String;Z)Ljava/lang/Class; @ 70
Event: 7.924 Thread 0x000000001a7cb800 Uncommon trap: reason=bimorphic action=maybe_recompile pc=0x0000000003b11364 method=java.lang.ClassLoader.loadClass(Ljava/lang/String;Z)Ljava/lang/Class; @ 70
Event: 8.201 Thread 0x000000001a7cb800 Uncommon trap: reason=bimorphic action=maybe_recompile pc=0x0000000003b11364 method=java.lang.ClassLoader.loadClass(Ljava/lang/String;Z)Ljava/lang/Class; @ 70
Event: 8.514 Thread 0x000000001a7cb800 Uncommon trap: reason=unstable_if action=reinterpret pc=0x0000000003f666a4 method=java.lang.Class$MethodArray.addIfNotPresent(Ljava/lang/reflect/Method;)V @ 19
Event: 8.806 Thread 0x000000001a7cb800 Uncommon trap: reason=unstable_if action=reinterpret pc=0x0000000003f83170 method=java.util.HashMap$HashIterator.<init>(Ljava/util/HashMap;)V @ 45

Internal exceptions (10 events):
Event: 7.240 Thread 0x000000001a7cb800 Exception <a 'java/lang/ClassNotFoundException': org/springframework/beans/factory/AwareCustomizer> (0x00000000d7220678) thrown at [C:\re\workspace\8-2-build-windows-amd64-cygwin\jdk8u151\9699\hotspot\src\share\vm\classfile\systemDictionary.cpp, line 210]
Event: 7.242 Thread 0x000000001a7cb800 Exception <a 'java/lang/ClassNotFoundException': org/springframework/beans/factory/BeanFactoryAwareCustomizer> (0x00000000d7239788) thrown at [C:\re\workspace\8-2-build-windows-amd64-cygwin\jdk8u151\9699\hotspot\src\share\vm\classfile\systemDictionary.cpp
Event: 7.250 Thread 0x000000001a7cb800 Exception <a 'java/lang/ClassNotFoundException': org/springframework/beans/factory/AwareCustomizer> (0x00000000d7250d70) thrown at [C:\re\workspace\8-2-build-windows-amd64-cygwin\jdk8u151\9699\hotspot\src\share\vm\classfile\systemDictionary.cpp, line 210]
Event: 7.251 Thread 0x000000001a7cb800 Exception <a 'java/lang/ClassNotFoundException': org/springframework/beans/factory/BeanNameAwareCustomizer> (0x00000000d7268e70) thrown at [C:\re\workspace\8-2-build-windows-amd64-cygwin\jdk8u151\9699\hotspot\src\share\vm\classfile\systemDictionary.cpp, l
Event: 7.252 Thread 0x000000001a7cb800 Exception <a 'java/lang/ClassNotFoundException': org/springframework/beans/factory/AwareCustomizer> (0x00000000d727fe18) thrown at [C:\re\workspace\8-2-build-windows-amd64-cygwin\jdk8u151\9699\hotspot\src\share\vm\classfile\systemDictionary.cpp, line 210]
Event: 7.254 Thread 0x000000001a7cb800 Exception <a 'java/lang/ClassNotFoundException': org/springframework/beans/factory/InitializingBeanCustomizer> (0x00000000d7298f28) thrown at [C:\re\workspace\8-2-build-windows-amd64-cygwin\jdk8u151\9699\hotspot\src\share\vm\classfile\systemDictionary.cpp
Event: 7.256 Thread 0x000000001a7cb800 Exception <a 'java/lang/ClassNotFoundException': org/springframework/beans/factory/DisposableBeanCustomizer> (0x00000000d74cc8b0) thrown at [C:\re\workspace\8-2-build-windows-amd64-cygwin\jdk8u151\9699\hotspot\src\share\vm\classfile\systemDictionary.cpp, 
Event: 7.258 Thread 0x000000001a7cb800 Exception <a 'java/lang/ClassNotFoundException': org/springframework/orm/jpa/EntityManagerFactoryInfoCustomizer> (0x00000000d74e6c38) thrown at [C:\re\workspace\8-2-build-windows-amd64-cygwin\jdk8u151\9699\hotspot\src\share\vm\classfile\systemDictionary.c
Event: 7.263 Thread 0x000000001a7cb800 Exception <a 'java/lang/ClassNotFoundException': org/springframework/dao/support/PersistenceExceptionTranslatorCustomizer> (0x00000000d7511450) thrown at [C:\re\workspace\8-2-build-windows-amd64-cygwin\jdk8u151\9699\hotspot\src\share\vm\classfile\systemDi
Event: 9.006 Thread 0x000000001a7cb800 Exception <a 'java/lang/NoSuchMethodError': java.lang.Object.lambda$static$0(Lorg/hibernate/loader/plan/spi/LoadPlan;Lorg/hibernate/loader/plan/exec/spi/AliasResolutionContext;Lorg/hibernate/loader/plan/exec/process/spi/ReaderCollector;ZZ)Lorg/hibernate/l

Events (10 events):
Event: 9.199 loading class org/hibernate/metamodel/model/domain/internal/AbstractManagedType
Event: 9.199 loading class org/hibernate/metamodel/model/domain/internal/AbstractManagedType done
Event: 9.200 loading class org/hibernate/metamodel/model/domain/internal/AbstractType
Event: 9.200 loading class org/hibernate/metamodel/model/domain/internal/AbstractType done
Event: 9.202 loading class javax/persistence/metamodel/MapAttribute
Event: 9.202 loading class javax/persistence/metamodel/MapAttribute done
Event: 9.203 loading class javax/persistence/metamodel/PluralAttribute
Event: 9.203 loading class javax/persistence/metamodel/PluralAttribute done
Event: 9.203 loading class javax/persistence/metamodel/SetAttribute
Event: 9.203 loading class javax/persistence/metamodel/SetAttribute done


Dynamic libraries:
0x00007ff70c570000 - 0x00007ff70c5a7000 	C:\Program Files\Java\jdk1.8.0_151\bin\java.exe
0x00007ffccf420000 - 0x00007ffccf601000 	C:\WINDOWS\SYSTEM32\ntdll.dll
0x00007ffccc890000 - 0x00007ffccc941000 	C:\WINDOWS\System32\KERNEL32.DLL
0x00007ffccc570000 - 0x00007ffccc7e3000 	C:\WINDOWS\System32\KERNELBASE.dll
0x00007ffcc9390000 - 0x00007ffcc941b000 	C:\WINDOWS\SYSTEM32\apphelp.dll
0x000000005fd70000 - 0x000000005fe1e000 	C:\WINDOWS\System32\SYSFER.DLL
0x00007ffccf1f0000 - 0x00007ffccf291000 	C:\WINDOWS\System32\ADVAPI32.dll
0x00007ffccf000000 - 0x00007ffccf09e000 	C:\WINDOWS\System32\msvcrt.dll
0x00007ffcce2d0000 - 0x00007ffcce32b000 	C:\WINDOWS\System32\sechost.dll
0x00007ffccedc0000 - 0x00007ffcceee4000 	C:\WINDOWS\System32\RPCRT4.dll
0x00007ffcce130000 - 0x00007ffcce2c1000 	C:\WINDOWS\System32\USER32.dll
0x00007ffccc170000 - 0x00007ffccc190000 	C:\WINDOWS\System32\win32u.dll
0x00007ffcce4c0000 - 0x00007ffcce4e8000 	C:\WINDOWS\System32\GDI32.dll
0x00007ffccc3d0000 - 0x00007ffccc563000 	C:\WINDOWS\System32\gdi32full.dll
0x00007ffccc7f0000 - 0x00007ffccc88f000 	C:\WINDOWS\System32\msvcp_win.dll
0x00007ffccc070000 - 0x00007ffccc168000 	C:\WINDOWS\System32\ucrtbase.dll
0x00007ffcaf210000 - 0x00007ffcaf479000 	C:\WINDOWS\WinSxS\amd64_microsoft.windows.common-controls_6595b64144ccf1df_6.0.17134.1902_none_d3fc12d37c93a894\COMCTL32.dll
0x00007ffccc950000 - 0x00007ffcccc71000 	C:\WINDOWS\System32\combase.dll
0x00007ffccb7c0000 - 0x00007ffccb839000 	C:\WINDOWS\System32\bcryptPrimitives.dll
0x00007ffccf0a0000 - 0x00007ffccf0cd000 	C:\WINDOWS\System32\IMM32.DLL
0x000000005eb40000 - 0x000000005ec12000 	C:\Program Files\Java\jdk1.8.0_151\jre\bin\msvcr100.dll
0x000000005e2a0000 - 0x000000005eb3d000 	C:\Program Files\Java\jdk1.8.0_151\jre\bin\server\jvm.dll
0x00007ffccf1c0000 - 0x00007ffccf1c8000 	C:\WINDOWS\System32\PSAPI.DLL
0x00007ffcb3250000 - 0x00007ffcb3259000 	C:\WINDOWS\SYSTEM32\WSOCK32.dll
0x00007ffcce330000 - 0x00007ffcce39c000 	C:\WINDOWS\System32\WS2_32.dll
0x00007ffcc9470000 - 0x00007ffcc9493000 	C:\WINDOWS\SYSTEM32\WINMM.dll
0x00007ffcbb3e0000 - 0x00007ffcbb3ea000 	C:\WINDOWS\SYSTEM32\VERSION.dll
0x00007ffcc9440000 - 0x00007ffcc946a000 	C:\WINDOWS\SYSTEM32\WINMMBASE.dll
0x00007ffccc190000 - 0x00007ffccc1d9000 	C:\WINDOWS\System32\cfgmgr32.dll
0x000000005e290000 - 0x000000005e29f000 	C:\Program Files\Java\jdk1.8.0_151\jre\bin\verify.dll
0x000000005e260000 - 0x000000005e289000 	C:\Program Files\Java\jdk1.8.0_151\jre\bin\java.dll
0x000000005e240000 - 0x000000005e256000 	C:\Program Files\Java\jdk1.8.0_151\jre\bin\zip.dll
0x00007ffcccce0000 - 0x00007ffcce125000 	C:\WINDOWS\System32\SHELL32.dll
0x00007ffcce3a0000 - 0x00007ffcce449000 	C:\WINDOWS\System32\shcore.dll
0x00007ffccb950000 - 0x00007ffccc065000 	C:\WINDOWS\System32\windows.storage.dll
0x00007ffcccc80000 - 0x00007ffccccd1000 	C:\WINDOWS\System32\shlwapi.dll
0x00007ffccb780000 - 0x00007ffccb791000 	C:\WINDOWS\System32\kernel.appcore.dll
0x00007ffccb750000 - 0x00007ffccb76f000 	C:\WINDOWS\System32\profapi.dll
0x00007ffccb700000 - 0x00007ffccb74c000 	C:\WINDOWS\System32\powrprof.dll
0x00007ffccb770000 - 0x00007ffccb77a000 	C:\WINDOWS\System32\FLTLIB.DLL
0x000000005e1f0000 - 0x000000005e1fd000 	C:\Program Files\Java\jdk1.8.0_151\jre\bin\management.dll
0x000000005e220000 - 0x000000005e23a000 	C:\Program Files\Java\jdk1.8.0_151\jre\bin\net.dll
0x00007ffccaf80000 - 0x00007ffccafe6000 	C:\WINDOWS\system32\mswsock.dll
0x00007ffca8a50000 - 0x00007ffca8a66000 	C:\WINDOWS\system32\napinsp.dll
0x00007ffca8a70000 - 0x00007ffca8a8a000 	C:\WINDOWS\system32\pnrpnsp.dll
0x00007ffcc73b0000 - 0x00007ffcc73c9000 	C:\WINDOWS\system32\NLAapi.dll
0x00007ffccad20000 - 0x00007ffccadde000 	C:\WINDOWS\SYSTEM32\DNSAPI.dll
0x00007ffccef50000 - 0x00007ffccef58000 	C:\WINDOWS\System32\NSI.dll
0x00007ffccacd0000 - 0x00007ffccad08000 	C:\WINDOWS\SYSTEM32\IPHLPAPI.DLL
0x00007ffca8b10000 - 0x00007ffca8b1e000 	C:\WINDOWS\System32\winrnr.dll
0x00007ffcbb6e0000 - 0x00007ffcbb6f5000 	C:\WINDOWS\System32\wshbth.dll
0x00007ffcb8600000 - 0x00007ffcb860a000 	C:\Windows\System32\rasadhlp.dll
0x00007ffcc2ab0000 - 0x00007ffcc2b22000 	C:\WINDOWS\System32\fwpuclnt.dll
0x00007ffccb260000 - 0x00007ffccb285000 	C:\WINDOWS\SYSTEM32\bcrypt.dll
0x000000005e200000 - 0x000000005e211000 	C:\Program Files\Java\jdk1.8.0_151\jre\bin\nio.dll
0x00007ffccb130000 - 0x00007ffccb147000 	C:\WINDOWS\SYSTEM32\CRYPTSP.dll
0x00007ffcca900000 - 0x00007ffcca933000 	C:\WINDOWS\system32\rsaenh.dll
0x00007ffccb600000 - 0x00007ffccb628000 	C:\WINDOWS\SYSTEM32\USERENV.dll
0x00007ffccb150000 - 0x00007ffccb15b000 	C:\WINDOWS\SYSTEM32\CRYPTBASE.dll
0x00007ffcbd280000 - 0x00007ffcbd296000 	C:\WINDOWS\SYSTEM32\dhcpcsvc6.DLL
0x00007ffcbd060000 - 0x00007ffcbd07a000 	C:\WINDOWS\SYSTEM32\dhcpcsvc.DLL
0x000000005e1c0000 - 0x000000005e1e4000 	C:\Program Files\Java\jdk1.8.0_151\jre\bin\sunec.dll
0x000000005e1b0000 - 0x000000005e1bb000 	C:\Program Files\Java\jdk1.8.0_151\jre\bin\sunmscapi.dll
0x00007ffccc1e0000 - 0x00007ffccc3c2000 	C:\WINDOWS\System32\CRYPT32.dll
0x00007ffccb7a0000 - 0x00007ffccb7b2000 	C:\WINDOWS\System32\MSASN1.dll

VM Arguments:
jvm_args: -Dfile.encoding=windows-1251 -Duser.country=RU -Duser.language=ru -Duser.variant 
java_command: ru.dashboard.backenddashboard.BackendDashboardApplication
java_class_path (initial): C:\MYSource\id\backend-dashboard\build\classes\java\main;C:\MYSource\id\backend-dashboard\build\resources\main;C:\Users\MaksimovA\.gradle\caches\modules-2\files-2.1\org.springframework.boot\spring-boot-devtools\2.4.3\e2f7257ad2eb471698154c7b229da7fecc480457\spring-boot-devtools-2.4.3.jar;C:\Users\MaksimovA\.gradle\caches\modules-2\files-2.1\org.postgresql\postgresql\42.1.4\1c7788d16b67d51f2f38ae99e474ece968bf715a\postgresql-42.1.4.jar;C:\Users\MaksimovA\.gradle\caches\modules-2\files-2.1\org.springframework.boot\spring-boot-starter-data-jpa\2.4.3\356d18d4bb10915f3d13c845fc38b5c068f2e075\spring-boot-starter-data-jpa-2.4.3.jar;C:\Users\MaksimovA\.gradle\caches\modules-2\files-2.1\org.springframework.boot\spring-boot-starter-data-rest\2.4.3\58ebc51b732632e0d2e666bdd6a6032936333b43\spring-boot-starter-data-rest-2.4.3.jar;C:\Users\MaksimovA\.gradle\caches\modules-2\files-2.1\org.springframework.boot\spring-boot-starter-web\2.4.3\4f5554ea183af87e52d8c31bb82aada0d74c40b0\spring-boot-starter-web-2.4.3.jar;C:\Users\MaksimovA\.gradle\caches\modules-2\files-2.1\org.springframework.boot\spring-boot-starter-thymeleaf\2.4.3\64fdb078f965cba7e5ec1f04c9fdeee87a4b788d\spring-boot-starter-thymeleaf-2.4.3.jar;C:\Users\MaksimovA\.gradle\caches\modules-2\files-2.1\mysql\mysql-connector-java\8.0.23\14d64ac509adccaff444513c12646d93e4ed8be8\mysql-connector-java-8.0.23.jar;C:\Users\MaksimovA\.gradle\caches\modules-2\files-2.1\org.springframework.boot\spring-boot-starter-aop\2.4.3\333593abae74bf7ecc883460751dcc69afb82604\spring-boot-starter-aop-2.4.3.jar;C:\Users\MaksimovA\.gradle\caches\modules-2\files-2.1\org.springframework.boot\spring-boot-starter-jdbc\2.4.3\2c5853339333cd2b545816d57f12f9d0a0fe6932\spring-boot-starter-jdbc-2.4.3.jar;C:\Users\MaksimovA\.gradle\caches\modules-2\files-2.1\org.springframework.boot\spring-boot-starter-json\2.4.3\7b26abb0a0379a00b58a2a50e010b29cf4f16b80\spring-boot-starter-json-2.4.3.jar;C:\Users\MaksimovA\.gradle\caches\modules-2\f
Launcher Type: SUN_STANDARD

Environment Variables:
PATH=C:\Program Files (x86)\Common Files\Oracle\Java\javapath;C:\ProgramData\Oracle\Java\javapath;C:\Program Files (x86)\RSA SecurID Token Common;C:\Program Files\RSA SecurID Token Common;C:\WINDOWS\system32;C:\WINDOWS;C:\WINDOWS\System32\Wbem;C:\WINDOWS\System32\WindowsPowerShell\v1.0\;C:\Program Files\OpenVPN\bin;C:\_utils\SysinternalsSuite;C:\_utils\_UnixUtils\usr\local\wbin;;C:\WINDOWS\System32\OpenSSH\;C:\Program Files\Intel\WiFi\bin\;C:\Program Files\Common Files\Intel\WirelessCommon\;C:\Program Files\nodejs\;C:\Program Files (x86)\PuTTY\;C:\Program Files\Microsoft SQL Server\Client SDK\ODBC\110\Tools\Binn\;C:\Program Files (x86)\Microsoft SQL Server\120\Tools\Binn\ManagementStudio\;C:\Program Files (x86)\Microsoft SQL Server\120\Tools\Binn\;C:\Program Files\Microsoft SQL Server\120\Tools\Binn\;C:\Program Files (x86)\Microsoft SQL Server\120\DTS\Binn\;C:\Program Files\Microsoft SQL Server\120\DTS\Binn\;C:\Program Files\dotnet\;C:\Program Files\Microsoft SQL Server\130\Tools\Binn\;C:\Program Files\Microsoft SQL Server\Client SDK\ODBC\170\Tools\Binn\;C:\Program Files (x86)\GitExtensions\;C:\Users\MaksimovA\AppData\Local\Microsoft\WindowsApps;C:\Users\MaksimovA\AppData\Local\Programs\Microsoft VS Code\bin;C:\MYSource\id\IntelliJ IDEA Community Edition 2020.2.1\bin;C:\Users\MaksimovA\AppData\Local\Programs\Git\cmd
USERNAME=MaksimovA
OS=Windows_NT
PROCESSOR_IDENTIFIER=Intel64 Family 6 Model 142 Stepping 10, GenuineIntel



---------------  S Y S T E M  ---------------

OS: Windows 10.0 , 64 bit Build 17134 (10.0.17134.1425)

CPU:total 4 (initial active 4) (2 cores per cpu, 2 threads per core) family 6 model 142 stepping 10, cmov, cx8, fxsr, mmx, sse, sse2, sse3, ssse3, sse4.1, sse4.2, popcnt, avx, avx2, aes, clmul, erms, 3dnowpref, lzcnt, ht, tsc, tscinvbit, bmi1, bmi2, adx

Memory: 4k page, physical 8228036k(444388k free), swap 33393860k(5692k free)

vm_info: Java HotSpot(TM) 64-Bit Server VM (25.151-b12) for windows-amd64 JRE (1.8.0_151-b12), built on Sep  5 2017 19:33:46 by "java_re" with MS VC++ 10.0 (VS2010)

time: Thu Jun 03 20:21:09 2021
elapsed time: 9 seconds (0d 0h 0m 9s)

