#
# There is insufficient memory for the Java Runtime Environment to continue.
# Native memory allocation (malloc) failed to allocate 981536 bytes for Chunk::new
# Possible reasons:
#   The system is out of physical RAM or swap space
#   In 32 bit mode, the process size limit was hit
# Possible solutions:
#   Reduce memory load on the system
#   Increase physical memory or swap space
#   Check if swap backing store is full
#   Use 64 bit Java on a 64 bit OS
#   Decrease Java heap size (-Xmx/-Xms)
#   Decrease number of Java threads
#   Decrease Java thread stack sizes (-Xss)
#   Set larger code cache with -XX:ReservedCodeCacheSize=
# This output file may be truncated or incomplete.
#
#  Out of Memory Error (allocation.cpp:390), pid=25728, tid=0x0000000000004fbc
#
# JRE version: Java(TM) SE Runtime Environment (8.0_151-b12) (build 1.8.0_151-b12)
# Java VM: Java HotSpot(TM) 64-Bit Server VM (25.151-b12 mixed mode windows-amd64 compressed oops)
# Failed to write core dump. Minidumps are not enabled by default on client versions of Windows
#

---------------  T H R E A D  ---------------

Current thread (0x000000001725a000):  JavaThread "C2 CompilerThread1" daemon [_thread_in_native, id=20412, stack(0x00000000189a0000,0x0000000018aa0000)]

Stack: [0x00000000189a0000,0x0000000018aa0000]
[error occurred during error reporting (printing stack bounds), id 0xc0000005]

Native frames: (J=compiled Java code, j=interpreted, Vv=VM code, C=native code)


Current CompileTask:
C2:  14005 3480       4       org.springframework.core.annotation.TypeMappedAnnotations::scan (62 bytes)


---------------  P R O C E S S  ---------------

Java Threads: ( => current thread )
  0x000000001dba7800 JavaThread "mysql-cj-abandoned-connection-cleanup" daemon [_thread_blocked, id=22852, stack(0x000000001f920000,0x000000001fa20000)]
  0x000000001f0da800 JavaThread "container-0" [_thread_blocked, id=18076, stack(0x000000001f820000,0x000000001f920000)]
  0x000000001c621800 JavaThread "Catalina-utility-2" [_thread_blocked, id=28640, stack(0x000000001d110000,0x000000001d210000)]
  0x0000000019fe4000 JavaThread "Catalina-utility-1" [_thread_blocked, id=22280, stack(0x000000001c7e0000,0x000000001c8e0000)]
  0x00000000197ef000 JavaThread "restartedMain" [_thread_in_native, id=13928, stack(0x000000001abb0000,0x000000001acb0000)]
  0x00000000197ee000 JavaThread "Thread-0" [_thread_blocked, id=18768, stack(0x000000001aab0000,0x000000001abb0000)]
  0x00000000172ad800 JavaThread "Service Thread" daemon [_thread_blocked, id=13848, stack(0x0000000018fa0000,0x00000000190a0000)]
  0x000000001725d800 JavaThread "C1 CompilerThread2" daemon [_thread_blocked, id=16460, stack(0x0000000018aa0000,0x0000000018ba0000)]
=>0x000000001725a000 JavaThread "C2 CompilerThread1" daemon [_thread_in_native, id=20412, stack(0x00000000189a0000,0x0000000018aa0000)]
  0x0000000017258000 JavaThread "C2 CompilerThread0" daemon [_thread_blocked, id=23440, stack(0x00000000188a0000,0x00000000189a0000)]
  0x0000000017255000 JavaThread "Attach Listener" daemon [_thread_blocked, id=28196, stack(0x00000000187a0000,0x00000000188a0000)]
  0x0000000017254000 JavaThread "Signal Dispatcher" daemon [_thread_blocked, id=27748, stack(0x00000000186a0000,0x00000000187a0000)]
  0x000000001723c000 JavaThread "Finalizer" daemon [_thread_blocked, id=20372, stack(0x00000000184a0000,0x00000000185a0000)]
  0x0000000002796000 JavaThread "Reference Handler" daemon [_thread_blocked, id=26960, stack(0x00000000183a0000,0x00000000184a0000)]
  0x00000000026a7800 JavaThread "main" [_thread_blocked, id=16668, stack(0x0000000002590000,0x0000000002690000)]

Other Threads:
  0x0000000017218000 VMThread [stack: 0x00000000182a0000,0x00000000183a0000] [id=1224]
  0x0000000018bf4800 WatcherThread [stack: 0x00000000190a0000,0x00000000191a0000] [id=2248]

VM state:not at safepoint (normal execution)

VM Mutex/Monitor currently owned by a thread: None

Heap:
 PSYoungGen      total 140800K, used 127456K [0x00000000d6200000, 0x00000000e4b00000, 0x0000000100000000)
  eden space 131072K, 89% used [0x00000000d6200000,0x00000000dd4fc6d8,0x00000000de200000)
  from space 9728K, 99% used [0x00000000de200000,0x00000000deb7bd18,0x00000000deb80000)
  to   space 12800K, 0% used [0x00000000e3e80000,0x00000000e3e80000,0x00000000e4b00000)
 ParOldGen       total 53248K, used 10119K [0x0000000082600000, 0x0000000085a00000, 0x00000000d6200000)
  object space 53248K, 19% used [0x0000000082600000,0x0000000082fe1c20,0x0000000085a00000)
 Metaspace       used 31430K, capacity 33516K, committed 33664K, reserved 1079296K
  class space    used 4053K, capacity 4458K, committed 4480K, reserved 1048576K

Card table byte_map: [0x0000000011b60000,0x0000000011f50000] byte_map_base: 0x000000001174d000

Marking Bits: (ParMarkBitMap*) 0x000000005eabd850
 Begin Bits: [0x00000000125f0000, 0x0000000014558000)
 End Bits:   [0x0000000014558000, 0x00000000164c0000)

Polling page: 0x0000000000720000

CodeCache: size=245760Kb used=13031Kb max_used=13041Kb free=232728Kb
 bounds [0x00000000027a0000, 0x0000000003470000, 0x00000000117a0000]
 total_blobs=3808 nmethods=3419 adapters=301
 compilation: enabled

Compilation events (10 events):
Event: 13.793 Thread 0x000000001725d800 nmethod 3476 0x0000000003456250 code [0x00000000034563a0, 0x00000000034564b0]
Event: 13.802 Thread 0x0000000017258000 3477       4       java.beans.FeatureDescriptor::getClass0 (22 bytes)
Event: 13.803 Thread 0x0000000017258000 nmethod 3477 0x0000000003455f90 code [0x00000000034560e0, 0x0000000003456198]
Event: 13.814 Thread 0x000000001725a000 3478       4       org.springframework.core.annotation.TypeMappedAnnotations::<init> (36 bytes)
Event: 13.815 Thread 0x000000001725a000 nmethod 3478 0x0000000003455d50 code [0x0000000003455e80, 0x0000000003455f18]
Event: 13.816 Thread 0x0000000017258000 3479       4       org.springframework.core.BridgeMethodResolver::findBridgedMethod (117 bytes)
Event: 13.846 Thread 0x000000001725a000 3480       4       org.springframework.core.annotation.TypeMappedAnnotations::scan (62 bytes)
Event: 13.924 Thread 0x0000000017258000 nmethod 3479 0x000000000345f910 code [0x000000000345fd00, 0x0000000003461c38]
Event: 13.926 Thread 0x000000001725d800 3481       3       org.springframework.beans.factory.config.DependencyDescriptor::getDependencyType (123 bytes)
Event: 13.928 Thread 0x000000001725d800 nmethod 3481 0x000000000345d450 code [0x000000000345d700, 0x000000000345efb8]

GC Heap History (10 events):
Event: 2.289 GC heap before
{Heap before GC invocations=4 (full 0):
 PSYoungGen      total 37888K, used 37865K [0x00000000d6200000, 0x00000000dac00000, 0x0000000100000000)
  eden space 32768K, 100% used [0x00000000d6200000,0x00000000d8200000,0x00000000d8200000)
  from space 5120K, 99% used [0x00000000d8200000,0x00000000d86fa5d0,0x00000000d8700000)
  to   space 5120K, 0% used [0x00000000da700000,0x00000000da700000,0x00000000dac00000)
 ParOldGen       total 86016K, used 710K [0x0000000082600000, 0x0000000087a00000, 0x00000000d6200000)
  object space 86016K, 0% used [0x0000000082600000,0x00000000826b18d0,0x0000000087a00000)
 Metaspace       used 17028K, capacity 17756K, committed 17920K, reserved 1064960K
  class space    used 2110K, capacity 2287K, committed 2304K, reserved 1048576K
Event: 2.299 GC heap after
Heap after GC invocations=4 (full 0):
 PSYoungGen      total 70656K, used 5103K [0x00000000d6200000, 0x00000000dac00000, 0x0000000100000000)
  eden space 65536K, 0% used [0x00000000d6200000,0x00000000d6200000,0x00000000da200000)
  from space 5120K, 99% used [0x00000000da700000,0x00000000dabfbeb8,0x00000000dac00000)
  to   space 5120K, 0% used [0x00000000da200000,0x00000000da200000,0x00000000da700000)
 ParOldGen       total 86016K, used 3616K [0x0000000082600000, 0x0000000087a00000, 0x00000000d6200000)
  object space 86016K, 4% used [0x0000000082600000,0x0000000082988398,0x0000000087a00000)
 Metaspace       used 17028K, capacity 17756K, committed 17920K, reserved 1064960K
  class space    used 2110K, capacity 2287K, committed 2304K, reserved 1048576K
}
Event: 2.830 GC heap before
{Heap before GC invocations=5 (full 0):
 PSYoungGen      total 70656K, used 70639K [0x00000000d6200000, 0x00000000dac00000, 0x0000000100000000)
  eden space 65536K, 100% used [0x00000000d6200000,0x00000000da200000,0x00000000da200000)
  from space 5120K, 99% used [0x00000000da700000,0x00000000dabfbeb8,0x00000000dac00000)
  to   space 5120K, 0% used [0x00000000da200000,0x00000000da200000,0x00000000da700000)
 ParOldGen       total 86016K, used 3616K [0x0000000082600000, 0x0000000087a00000, 0x00000000d6200000)
  object space 86016K, 4% used [0x0000000082600000,0x0000000082988398,0x0000000087a00000)
 Metaspace       used 19814K, capacity 20678K, committed 20864K, reserved 1067008K
  class space    used 2472K, capacity 2672K, committed 2688K, reserved 1048576K
Event: 2.849 GC heap after
Heap after GC invocations=5 (full 0):
 PSYoungGen      total 70656K, used 5112K [0x00000000d6200000, 0x00000000df500000, 0x0000000100000000)
  eden space 65536K, 0% used [0x00000000d6200000,0x00000000d6200000,0x00000000da200000)
  from space 5120K, 99% used [0x00000000da200000,0x00000000da6fe0b0,0x00000000da700000)
  to   space 9728K, 0% used [0x00000000deb80000,0x00000000deb80000,0x00000000df500000)
 ParOldGen       total 86016K, used 6078K [0x0000000082600000, 0x0000000087a00000, 0x00000000d6200000)
  object space 86016K, 7% used [0x0000000082600000,0x0000000082befbd8,0x0000000087a00000)
 Metaspace       used 19814K, capacity 20678K, committed 20864K, reserved 1067008K
  class space    used 2472K, capacity 2672K, committed 2688K, reserved 1048576K
}
Event: 3.081 GC heap before
{Heap before GC invocations=6 (full 0):
 PSYoungGen      total 70656K, used 13087K [0x00000000d6200000, 0x00000000df500000, 0x0000000100000000)
  eden space 65536K, 12% used [0x00000000d6200000,0x00000000d69c9d10,0x00000000da200000)
  from space 5120K, 99% used [0x00000000da200000,0x00000000da6fe0b0,0x00000000da700000)
  to   space 9728K, 0% used [0x00000000deb80000,0x00000000deb80000,0x00000000df500000)
 ParOldGen       total 86016K, used 6078K [0x0000000082600000, 0x0000000087a00000, 0x00000000d6200000)
  object space 86016K, 7% used [0x0000000082600000,0x0000000082befbd8,0x0000000087a00000)
 Metaspace       used 20168K, capacity 21120K, committed 21248K, reserved 1067008K
  class space    used 2519K, capacity 2724K, committed 2816K, reserved 1048576K
Event: 3.096 GC heap after
Heap after GC invocations=6 (full 0):
 PSYoungGen      total 140800K, used 6086K [0x00000000d6200000, 0x00000000df500000, 0x0000000100000000)
  eden space 131072K, 0% used [0x00000000d6200000,0x00000000d6200000,0x00000000de200000)
  from space 9728K, 62% used [0x00000000deb80000,0x00000000df171a70,0x00000000df500000)
  to   space 9728K, 0% used [0x00000000de200000,0x00000000de200000,0x00000000deb80000)
 ParOldGen       total 86016K, used 6086K [0x0000000082600000, 0x0000000087a00000, 0x00000000d6200000)
  object space 86016K, 7% used [0x0000000082600000,0x0000000082bf1bd8,0x0000000087a00000)
 Metaspace       used 20168K, capacity 21120K, committed 21248K, reserved 1067008K
  class space    used 2519K, capacity 2724K, committed 2816K, reserved 1048576K
}
Event: 3.096 GC heap before
{Heap before GC invocations=7 (full 1):
 PSYoungGen      total 140800K, used 6086K [0x00000000d6200000, 0x00000000df500000, 0x0000000100000000)
  eden space 131072K, 0% used [0x00000000d6200000,0x00000000d6200000,0x00000000de200000)
  from space 9728K, 62% used [0x00000000deb80000,0x00000000df171a70,0x00000000df500000)
  to   space 9728K, 0% used [0x00000000de200000,0x00000000de200000,0x00000000deb80000)
 ParOldGen       total 86016K, used 6086K [0x0000000082600000, 0x0000000087a00000, 0x00000000d6200000)
  object space 86016K, 7% used [0x0000000082600000,0x0000000082bf1bd8,0x0000000087a00000)
 Metaspace       used 20168K, capacity 21120K, committed 21248K, reserved 1067008K
  class space    used 2519K, capacity 2724K, committed 2816K, reserved 1048576K
Event: 3.145 GC heap after
Heap after GC invocations=7 (full 1):
 PSYoungGen      total 140800K, used 0K [0x00000000d6200000, 0x00000000df500000, 0x0000000100000000)
  eden space 131072K, 0% used [0x00000000d6200000,0x00000000d6200000,0x00000000de200000)
  from space 9728K, 0% used [0x00000000deb80000,0x00000000deb80000,0x00000000df500000)
  to   space 9728K, 0% used [0x00000000de200000,0x00000000de200000,0x00000000deb80000)
 ParOldGen       total 53248K, used 6068K [0x0000000082600000, 0x0000000085a00000, 0x00000000d6200000)
  object space 53248K, 11% used [0x0000000082600000,0x0000000082bed310,0x0000000085a00000)
 Metaspace       used 20168K, capacity 21120K, committed 21248K, reserved 1067008K
  class space    used 2519K, capacity 2724K, committed 2816K, reserved 1048576K
}
Event: 11.881 GC heap before
{Heap before GC invocations=8 (full 1):
 PSYoungGen      total 140800K, used 131072K [0x00000000d6200000, 0x00000000df500000, 0x0000000100000000)
  eden space 131072K, 100% used [0x00000000d6200000,0x00000000de200000,0x00000000de200000)
  from space 9728K, 0% used [0x00000000deb80000,0x00000000deb80000,0x00000000df500000)
  to   space 9728K, 0% used [0x00000000de200000,0x00000000de200000,0x00000000deb80000)
 ParOldGen       total 53248K, used 6068K [0x0000000082600000, 0x0000000085a00000, 0x00000000d6200000)
  object space 53248K, 11% used [0x0000000082600000,0x0000000082bed310,0x0000000085a00000)
 Metaspace       used 29132K, capacity 31080K, committed 31360K, reserved 1077248K
  class space    used 3741K, capacity 4102K, committed 4224K, reserved 1048576K
Event: 11.903 GC heap after
Heap after GC invocations=8 (full 1):
 PSYoungGen      total 140800K, used 9711K [0x00000000d6200000, 0x00000000e4b00000, 0x0000000100000000)
  eden space 131072K, 0% used [0x00000000d6200000,0x00000000d6200000,0x00000000de200000)
  from space 9728K, 99% used [0x00000000de200000,0x00000000deb7bd18,0x00000000deb80000)
  to   space 12800K, 0% used [0x00000000e3e80000,0x00000000e3e80000,0x00000000e4b00000)
 ParOldGen       total 53248K, used 10119K [0x0000000082600000, 0x0000000085a00000, 0x00000000d6200000)
  object space 53248K, 19% used [0x0000000082600000,0x0000000082fe1c20,0x0000000085a00000)
 Metaspace       used 29132K, capacity 31080K, committed 31360K, reserved 1077248K
  class space    used 3741K, capacity 4102K, committed 4224K, reserved 1048576K
}

Deoptimization events (10 events):
Event: 12.161 Thread 0x00000000197ef000 Uncommon trap: reason=class_check action=maybe_recompile pc=0x0000000002dd577c method=java.util.zip.InflaterInputStream.read([BII)I @ 100
Event: 12.161 Thread 0x00000000197ef000 Uncommon trap: reason=class_check action=maybe_recompile pc=0x0000000002dd577c method=java.util.zip.InflaterInputStream.read([BII)I @ 100
Event: 12.164 Thread 0x00000000197ef000 Uncommon trap: reason=class_check action=maybe_recompile pc=0x0000000002dd577c method=java.util.zip.InflaterInputStream.read([BII)I @ 100
Event: 12.164 Thread 0x00000000197ef000 Uncommon trap: reason=class_check action=maybe_recompile pc=0x0000000002dd577c method=java.util.zip.InflaterInputStream.read([BII)I @ 100
Event: 12.862 Thread 0x00000000197ef000 Uncommon trap: reason=unstable_if action=reinterpret pc=0x0000000002f9b004 method=java.util.jar.JarFile.getManifestFromReference()Ljava/util/jar/Manifest; @ 39
Event: 12.885 Thread 0x00000000197ef000 Uncommon trap: reason=unstable_if action=reinterpret pc=0x0000000002a00914 method=java.lang.AbstractStringBuilder.append(Ljava/lang/String;)Ljava/lang/AbstractStringBuilder; @ 1
Event: 13.028 Thread 0x000000001dba7800 Uncommon trap: reason=unstable_if action=reinterpret pc=0x0000000002bf48c8 method=java.net.URL.<init>(Ljava/net/URL;Ljava/lang/String;Ljava/net/URLStreamHandler;)V @ 57
Event: 13.028 Thread 0x000000001dba7800 Uncommon trap: reason=unstable_if action=reinterpret pc=0x000000000333cab8 method=java.net.URLStreamHandler.parseURL(Ljava/net/URL;Ljava/lang/String;II)V @ 57
Event: 13.121 Thread 0x00000000197ef000 Uncommon trap: reason=unstable_if action=reinterpret pc=0x0000000002be8d0c method=org.springframework.boot.context.properties.source.ConfigurationPropertyName.getElement(ILorg/springframework/boot/context/properties/source/ConfigurationPropertyName$Form;)
Event: 13.283 Thread 0x00000000197ef000 Uncommon trap: reason=unstable_if action=reinterpret pc=0x0000000002fc370c method=java.util.jar.JarFile.getManifestFromReference()Ljava/util/jar/Manifest; @ 39

Internal exceptions (10 events):
Event: 13.248 Thread 0x00000000197ef000 Exception <a 'java/lang/ClassNotFoundException': org/springframework/boot/autoconfigure/orm/jpa/JpaBaseConfigurationCustomizer> (0x00000000dccbf6d8) thrown at [C:\re\workspace\8-2-build-windows-amd64-cygwin\jdk8u151\9699\hotspot\src\share\vm\classfile\sys
Event: 13.251 Thread 0x00000000197ef000 Exception <a 'java/lang/ClassNotFoundException': org/springframework/boot/autoconfigure/orm/jpa/HibernateJpaConfigurationCustomizer> (0x00000000dccf10f8) thrown at [C:\re\workspace\8-2-build-windows-amd64-cygwin\jdk8u151\9699\hotspot\src\share\vm\classfil
Event: 13.253 Thread 0x00000000197ef000 Exception <a 'java/lang/ClassNotFoundException': org/springframework/beans/factory/BeanFactoryAwareCustomizer> (0x00000000dcd0cf28) thrown at [C:\re\workspace\8-2-build-windows-amd64-cygwin\jdk8u151\9699\hotspot\src\share\vm\classfile\systemDictionary.cpp
Event: 13.253 Thread 0x00000000197ef000 Exception <a 'java/lang/ClassNotFoundException': org/springframework/beans/factory/AwareCustomizer> (0x00000000dcd24510) thrown at [C:\re\workspace\8-2-build-windows-amd64-cygwin\jdk8u151\9699\hotspot\src\share\vm\classfile\systemDictionary.cpp, line 210]
Event: 13.770 Thread 0x00000000197ef000 Exception <a 'java/lang/ClassNotFoundException': java/lang/ObjectCustomizer> (0x00000000dd308898) thrown at [C:\re\workspace\8-2-build-windows-amd64-cygwin\jdk8u151\9699\hotspot\src\share\vm\classfile\systemDictionary.cpp, line 210]
Event: 13.790 Thread 0x00000000197ef000 Exception <a 'java/lang/ClassNotFoundException': org/springframework/orm/jpa/vendor/AbstractJpaVendorAdapterCustomizer> (0x00000000dd3286d0) thrown at [C:\re\workspace\8-2-build-windows-amd64-cygwin\jdk8u151\9699\hotspot\src\share\vm\classfile\systemDicti
Event: 13.797 Thread 0x00000000197ef000 Exception <a 'java/lang/ClassNotFoundException': org/springframework/orm/jpa/vendor/HibernateJpaVendorAdapterCustomizer> (0x00000000dd3558d8) thrown at [C:\re\workspace\8-2-build-windows-amd64-cygwin\jdk8u151\9699\hotspot\src\share\vm\classfile\systemDict
Event: 13.811 Thread 0x00000000197ef000 Exception <a 'java/lang/ClassNotFoundException': org/springframework/orm/jpa/JpaVendorAdapterCustomizer> (0x00000000dd392d50) thrown at [C:\re\workspace\8-2-build-windows-amd64-cygwin\jdk8u151\9699\hotspot\src\share\vm\classfile\systemDictionary.cpp, line
Event: 13.949 Thread 0x00000000197ef000 Exception <a 'java/lang/ClassNotFoundException': java/lang/ObjectCustomizer> (0x00000000dd3cc320) thrown at [C:\re\workspace\8-2-build-windows-amd64-cygwin\jdk8u151\9699\hotspot\src\share\vm\classfile\systemDictionary.cpp, line 210]
Event: 13.953 Thread 0x00000000197ef000 Exception <a 'java/lang/ClassNotFoundException': org/springframework/boot/orm/jpa/EntityManagerFactoryBuilderCustomizer> (0x00000000dd3eb600) thrown at [C:\re\workspace\8-2-build-windows-amd64-cygwin\jdk8u151\9699\hotspot\src\share\vm\classfile\systemDict

Events (10 events):
Event: 13.950 loading class org/springframework/boot/orm/jpa/EntityManagerFactoryBuilderCustomizer
Event: 13.950 loading class org/springframework/boot/orm/jpa/EntityManagerFactoryBuilderCustomizer done
Event: 13.950 loading class org/springframework/boot/orm/jpa/EntityManagerFactoryBuilderCustomizer
Event: 13.950 loading class org/springframework/boot/orm/jpa/EntityManagerFactoryBuilderCustomizer done
Event: 13.953 loading class org/springframework/boot/orm/jpa/EntityManagerFactoryBuilderCustomizer
Event: 13.953 loading class org/springframework/boot/orm/jpa/EntityManagerFactoryBuilderCustomizer done
Event: 13.956 loading class org/springframework/boot/autoconfigure/orm/jpa/HibernateJpaConfiguration
Event: 13.956 loading class org/springframework/boot/autoconfigure/orm/jpa/HibernateJpaConfiguration done
Event: 13.970 loading class org/hibernate/boot/archive/scan/internal/DisabledScanner
Event: 13.970 loading class org/hibernate/boot/archive/scan/internal/DisabledScanner done


Dynamic libraries:
0x00007ff7d2970000 - 0x00007ff7d29a7000 	C:\Program Files\Java\jdk1.8.0_151\bin\java.exe
0x00007ffccf420000 - 0x00007ffccf601000 	C:\WINDOWS\SYSTEM32\ntdll.dll
0x00007ffccc890000 - 0x00007ffccc941000 	C:\WINDOWS\System32\KERNEL32.DLL
0x00007ffccc570000 - 0x00007ffccc7e3000 	C:\WINDOWS\System32\KERNELBASE.dll
0x000000005fd70000 - 0x000000005fe1e000 	C:\WINDOWS\System32\SYSFER.DLL
0x00007ffccf1f0000 - 0x00007ffccf291000 	C:\WINDOWS\System32\ADVAPI32.dll
0x00007ffccf000000 - 0x00007ffccf09e000 	C:\WINDOWS\System32\msvcrt.dll
0x00007ffcce2d0000 - 0x00007ffcce32b000 	C:\WINDOWS\System32\sechost.dll
0x00007ffccedc0000 - 0x00007ffcceee4000 	C:\WINDOWS\System32\RPCRT4.dll
0x00007ffcce130000 - 0x00007ffcce2c1000 	C:\WINDOWS\System32\USER32.dll
0x00007ffccc170000 - 0x00007ffccc190000 	C:\WINDOWS\System32\win32u.dll
0x00007ffcce4c0000 - 0x00007ffcce4e8000 	C:\WINDOWS\System32\GDI32.dll
0x00007ffccc3d0000 - 0x00007ffccc563000 	C:\WINDOWS\System32\gdi32full.dll
0x00007ffccc7f0000 - 0x00007ffccc88f000 	C:\WINDOWS\System32\msvcp_win.dll
0x00007ffccc070000 - 0x00007ffccc168000 	C:\WINDOWS\System32\ucrtbase.dll
0x00007ffcaf210000 - 0x00007ffcaf479000 	C:\WINDOWS\WinSxS\amd64_microsoft.windows.common-controls_6595b64144ccf1df_6.0.17134.1902_none_d3fc12d37c93a894\COMCTL32.dll
0x00007ffccc950000 - 0x00007ffcccc71000 	C:\WINDOWS\System32\combase.dll
0x00007ffccb7c0000 - 0x00007ffccb839000 	C:\WINDOWS\System32\bcryptPrimitives.dll
0x00007ffccf0a0000 - 0x00007ffccf0cd000 	C:\WINDOWS\System32\IMM32.DLL
0x000000005eb40000 - 0x000000005ec12000 	C:\Program Files\Java\jdk1.8.0_151\jre\bin\msvcr100.dll
0x000000005e2a0000 - 0x000000005eb3d000 	C:\Program Files\Java\jdk1.8.0_151\jre\bin\server\jvm.dll
0x00007ffccf1c0000 - 0x00007ffccf1c8000 	C:\WINDOWS\System32\PSAPI.DLL
0x00007ffcb3250000 - 0x00007ffcb3259000 	C:\WINDOWS\SYSTEM32\WSOCK32.dll
0x00007ffcce330000 - 0x00007ffcce39c000 	C:\WINDOWS\System32\WS2_32.dll
0x00007ffcc9470000 - 0x00007ffcc9493000 	C:\WINDOWS\SYSTEM32\WINMM.dll
0x00007ffcbb3e0000 - 0x00007ffcbb3ea000 	C:\WINDOWS\SYSTEM32\VERSION.dll
0x00007ffcc9440000 - 0x00007ffcc946a000 	C:\WINDOWS\SYSTEM32\WINMMBASE.dll
0x00007ffccc190000 - 0x00007ffccc1d9000 	C:\WINDOWS\System32\cfgmgr32.dll
0x000000005e290000 - 0x000000005e29f000 	C:\Program Files\Java\jdk1.8.0_151\jre\bin\verify.dll
0x000000005e260000 - 0x000000005e289000 	C:\Program Files\Java\jdk1.8.0_151\jre\bin\java.dll
0x000000005e240000 - 0x000000005e256000 	C:\Program Files\Java\jdk1.8.0_151\jre\bin\zip.dll
0x00007ffcccce0000 - 0x00007ffcce125000 	C:\WINDOWS\System32\SHELL32.dll
0x00007ffcce3a0000 - 0x00007ffcce449000 	C:\WINDOWS\System32\shcore.dll
0x00007ffccb950000 - 0x00007ffccc065000 	C:\WINDOWS\System32\windows.storage.dll
0x00007ffcccc80000 - 0x00007ffccccd1000 	C:\WINDOWS\System32\shlwapi.dll
0x00007ffccb780000 - 0x00007ffccb791000 	C:\WINDOWS\System32\kernel.appcore.dll
0x00007ffccb750000 - 0x00007ffccb76f000 	C:\WINDOWS\System32\profapi.dll
0x00007ffccb700000 - 0x00007ffccb74c000 	C:\WINDOWS\System32\powrprof.dll
0x00007ffccb770000 - 0x00007ffccb77a000 	C:\WINDOWS\System32\FLTLIB.DLL
0x000000005e1f0000 - 0x000000005e1fd000 	C:\Program Files\Java\jdk1.8.0_151\jre\bin\management.dll
0x000000005e220000 - 0x000000005e23a000 	C:\Program Files\Java\jdk1.8.0_151\jre\bin\net.dll
0x00007ffccaf80000 - 0x00007ffccafe6000 	C:\WINDOWS\system32\mswsock.dll
0x00007ffca8a50000 - 0x00007ffca8a66000 	C:\WINDOWS\system32\napinsp.dll
0x00007ffca8a70000 - 0x00007ffca8a8a000 	C:\WINDOWS\system32\pnrpnsp.dll
0x00007ffcc73b0000 - 0x00007ffcc73c9000 	C:\WINDOWS\system32\NLAapi.dll
0x00007ffccad20000 - 0x00007ffccadde000 	C:\WINDOWS\SYSTEM32\DNSAPI.dll
0x00007ffccef50000 - 0x00007ffccef58000 	C:\WINDOWS\System32\NSI.dll
0x00007ffccacd0000 - 0x00007ffccad08000 	C:\WINDOWS\SYSTEM32\IPHLPAPI.DLL
0x00007ffca8b10000 - 0x00007ffca8b1e000 	C:\WINDOWS\System32\winrnr.dll
0x00007ffcbb6e0000 - 0x00007ffcbb6f5000 	C:\WINDOWS\System32\wshbth.dll
0x00007ffcb8600000 - 0x00007ffcb860a000 	C:\Windows\System32\rasadhlp.dll
0x00007ffcc2ab0000 - 0x00007ffcc2b22000 	C:\WINDOWS\System32\fwpuclnt.dll
0x00007ffccb260000 - 0x00007ffccb285000 	C:\WINDOWS\SYSTEM32\bcrypt.dll
0x000000005e200000 - 0x000000005e211000 	C:\Program Files\Java\jdk1.8.0_151\jre\bin\nio.dll
0x00007ffccb130000 - 0x00007ffccb147000 	C:\WINDOWS\SYSTEM32\CRYPTSP.dll
0x00007ffcca900000 - 0x00007ffcca933000 	C:\WINDOWS\system32\rsaenh.dll
0x00007ffccb600000 - 0x00007ffccb628000 	C:\WINDOWS\SYSTEM32\USERENV.dll
0x00007ffccb150000 - 0x00007ffccb15b000 	C:\WINDOWS\SYSTEM32\CRYPTBASE.dll
0x00007ffcbd280000 - 0x00007ffcbd296000 	C:\WINDOWS\SYSTEM32\dhcpcsvc6.DLL
0x00007ffcbd060000 - 0x00007ffcbd07a000 	C:\WINDOWS\SYSTEM32\dhcpcsvc.DLL

VM Arguments:
jvm_args: -Dfile.encoding=windows-1251 -Duser.country=RU -Duser.language=ru -Duser.variant 
java_command: ru.dashboard.backenddashboard.BackendDashboardApplication
java_class_path (initial): C:\MYSource\id\backend-dashboard\build\classes\java\main;C:\MYSource\id\backend-dashboard\build\resources\main;C:\Users\MaksimovA\.gradle\caches\modules-2\files-2.1\org.springframework.boot\spring-boot-devtools\2.4.3\e2f7257ad2eb471698154c7b229da7fecc480457\spring-boot-devtools-2.4.3.jar;C:\Users\MaksimovA\.gradle\caches\modules-2\files-2.1\org.postgresql\postgresql\42.1.4\1c7788d16b67d51f2f38ae99e474ece968bf715a\postgresql-42.1.4.jar;C:\Users\MaksimovA\.gradle\caches\modules-2\files-2.1\org.springframework.boot\spring-boot-starter-data-jpa\2.4.3\356d18d4bb10915f3d13c845fc38b5c068f2e075\spring-boot-starter-data-jpa-2.4.3.jar;C:\Users\MaksimovA\.gradle\caches\modules-2\files-2.1\org.springframework.boot\spring-boot-starter-data-rest\2.4.3\58ebc51b732632e0d2e666bdd6a6032936333b43\spring-boot-starter-data-rest-2.4.3.jar;C:\Users\MaksimovA\.gradle\caches\modules-2\files-2.1\org.springframework.boot\spring-boot-starter-web\2.4.3\4f5554ea183af87e52d8c31bb82aada0d74c40b0\spring-boot-starter-web-2.4.3.jar;C:\Users\MaksimovA\.gradle\caches\modules-2\files-2.1\org.springframework.boot\spring-boot-starter-thymeleaf\2.4.3\64fdb078f965cba7e5ec1f04c9fdeee87a4b788d\spring-boot-starter-thymeleaf-2.4.3.jar;C:\Users\MaksimovA\.gradle\caches\modules-2\files-2.1\mysql\mysql-connector-java\8.0.23\14d64ac509adccaff444513c12646d93e4ed8be8\mysql-connector-java-8.0.23.jar;C:\Users\MaksimovA\.gradle\caches\modules-2\files-2.1\org.springframework.boot\spring-boot-starter-aop\2.4.3\333593abae74bf7ecc883460751dcc69afb82604\spring-boot-starter-aop-2.4.3.jar;C:\Users\MaksimovA\.gradle\caches\modules-2\files-2.1\org.springframework.boot\spring-boot-starter-jdbc\2.4.3\2c5853339333cd2b545816d57f12f9d0a0fe6932\spring-boot-starter-jdbc-2.4.3.jar;C:\Users\MaksimovA\.gradle\caches\modules-2\files-2.1\org.springframework.boot\spring-boot-starter-json\2.4.3\7b26abb0a0379a00b58a2a50e010b29cf4f16b80\spring-boot-starter-json-2.4.3.jar;C:\Users\MaksimovA\.gradle\caches\modules-2\f
Launcher Type: SUN_STANDARD

Environment Variables:
PATH=C:\Program Files (x86)\Common Files\Oracle\Java\javapath;C:\ProgramData\Oracle\Java\javapath;C:\Program Files (x86)\RSA SecurID Token Common;C:\Program Files\RSA SecurID Token Common;C:\WINDOWS\system32;C:\WINDOWS;C:\WINDOWS\System32\Wbem;C:\WINDOWS\System32\WindowsPowerShell\v1.0\;C:\Program Files\OpenVPN\bin;C:\_utils\SysinternalsSuite;C:\_utils\_UnixUtils\usr\local\wbin;;C:\WINDOWS\System32\OpenSSH\;C:\Program Files\Intel\WiFi\bin\;C:\Program Files\Common Files\Intel\WirelessCommon\;C:\Program Files\nodejs\;C:\Program Files (x86)\PuTTY\;C:\Program Files\Microsoft SQL Server\Client SDK\ODBC\110\Tools\Binn\;C:\Program Files (x86)\Microsoft SQL Server\120\Tools\Binn\ManagementStudio\;C:\Program Files (x86)\Microsoft SQL Server\120\Tools\Binn\;C:\Program Files\Microsoft SQL Server\120\Tools\Binn\;C:\Program Files (x86)\Microsoft SQL Server\120\DTS\Binn\;C:\Program Files\Microsoft SQL Server\120\DTS\Binn\;C:\Program Files\dotnet\;C:\Program Files\Microsoft SQL Server\130\Tools\Binn\;C:\Program Files\Microsoft SQL Server\Client SDK\ODBC\170\Tools\Binn\;C:\Users\MaksimovA\AppData\Local\Microsoft\WindowsApps;C:\Users\MaksimovA\AppData\Local\Programs\Microsoft VS Code\bin;C:\MYSource\id\IntelliJ IDEA Community Edition 2020.2.1\bin;;C:\Users\MaksimovA\AppData\Local\Programs\Git\cmd
USERNAME=MaksimovA
OS=Windows_NT
PROCESSOR_IDENTIFIER=Intel64 Family 6 Model 142 Stepping 10, GenuineIntel



---------------  S Y S T E M  ---------------

OS: Windows 10.0 , 64 bit Build 17134 (10.0.17134.1425)

CPU:total 4 (initial active 4) (2 cores per cpu, 2 threads per core) family 6 model 142 stepping 10, cmov, cx8, fxsr, mmx, sse, sse2, sse3, ssse3, sse4.1, sse4.2, popcnt, avx, avx2, aes, clmul, erms, 3dnowpref, lzcnt, ht, tsc, tscinvbit, bmi1, bmi2, adx

Memory: 4k page, physical 8228036k(451820k free), swap 33393860k(3364k free)

vm_info: Java HotSpot(TM) 64-Bit Server VM (25.151-b12) for windows-amd64 JRE (1.8.0_151-b12), built on Sep  5 2017 19:33:46 by "java_re" with MS VC++ 10.0 (VS2010)

time: Thu Jun 03 19:49:45 2021
elapsed time: 14 seconds (0d 0h 0m 14s)

